#-----------------------------------------------------------
# Vivado v2018.3 (64-bit)
# SW Build 2405991 on Thu Dec  6 23:38:27 MST 2018
# IP Build 2404404 on Fri Dec  7 01:43:56 MST 2018
# Start of session at: Thu Oct 14 09:38:51 2021
# Process ID: 34688
# Current directory: C:/Users/013162916/Documents/EE118_MidtermProject
# Command line: vivado.exe -gui_launcher_event rodinguilauncherevent12448 C:\Users\013162916\Documents\EE118_MidtermProject\EE118_MidtermProject.xpr
# Log file: C:/Users/013162916/Documents/EE118_MidtermProject/vivado.log
# Journal file: C:/Users/013162916/Documents/EE118_MidtermProject\vivado.jou
#-----------------------------------------------------------
start_gui
open_project C:/Users/013162916/Documents/EE118_MidtermProject/EE118_MidtermProject.xpr
INFO: [Project 1-313] Project file moved from 'C:/Users/pskon/Workbench_repo/EE118_MidtermProject' since last save.
Scanning sources...
Finished scanning sources
INFO: [IP_Flow 19-234] Refreshing IP repositories
INFO: [IP_Flow 19-1704] No user IP repositories specified
INFO: [IP_Flow 19-2313] Loaded Vivado IP repository 'C:/Xilinx/Vivado/2018.3/data/ip'.
open_project: Time (s): cpu = 00:00:35 ; elapsed = 00:00:27 . Memory (MB): peak = 723.898 ; gain = 149.840
update_compile_order -fileset sources_1
file mkdir C:/Users/013162916/Documents/EE118_MidtermProject/EE118_MidtermProject.srcs/sim_1/new
set_property SOURCE_SET sources_1 [get_filesets sim_1]
close [ open C:/Users/013162916/Documents/EE118_MidtermProject/EE118_MidtermProject.srcs/sim_1/new/comparator_4it_tb.v w ]
add_files -fileset sim_1 C:/Users/013162916/Documents/EE118_MidtermProject/EE118_MidtermProject.srcs/sim_1/new/comparator_4it_tb.v
update_compile_order -fileset sim_1
update_compile_order -fileset sim_1
launch_simulation
INFO: [Vivado 12-5682] Launching behavioral simulation in 'C:/Users/013162916/Documents/EE118_MidtermProject/EE118_MidtermProject.sim/sim_1/behav/xsim'
INFO: [SIM-utils-51] Simulation object is 'sim_1'
INFO: [SIM-utils-54] Inspecting design source files for 'comparator_4it_tb' in fileset 'sim_1'...
INFO: [USF-XSim-97] Finding global include files...
INFO: [USF-XSim-98] Fetching design files from 'sim_1'...
INFO: [USF-XSim-2] XSim::Compile design
INFO: [USF-XSim-61] Executing 'COMPILE and ANALYZE' step in 'C:/Users/013162916/Documents/EE118_MidtermProject/EE118_MidtermProject.sim/sim_1/behav/xsim'
"xvlog --incr --relax -prj comparator_4it_tb_vlog.prj"
INFO: [VRFC 10-2263] Analyzing Verilog file "C:/Users/013162916/Documents/EE118_MidtermProject/EE118_MidtermProject.srcs/sources_1/new/alu.v" into library xil_defaultlib
INFO: [VRFC 10-311] analyzing module comparator_2bit
INFO: [VRFC 10-311] analyzing module comparator_4bit
INFO: [VRFC 10-2263] Analyzing Verilog file "C:/Users/013162916/Documents/EE118_MidtermProject/EE118_MidtermProject.srcs/sim_1/new/comparator_4it_tb.v" into library xil_defaultlib
INFO: [VRFC 10-311] analyzing module comparator_4it_tb
INFO: [VRFC 10-2263] Analyzing Verilog file "C:/Users/013162916/Documents/EE118_MidtermProject/EE118_MidtermProject.sim/sim_1/behav/xsim/glbl.v" into library xil_defaultlib
INFO: [VRFC 10-311] analyzing module glbl
INFO: [USF-XSim-69] 'compile' step finished in '3' seconds
INFO: [USF-XSim-3] XSim::Elaborate design
INFO: [USF-XSim-61] Executing 'ELABORATE' step in 'C:/Users/013162916/Documents/EE118_MidtermProject/EE118_MidtermProject.sim/sim_1/behav/xsim'
Vivado Simulator 2018.3
Copyright 1986-1999, 2001-2018 Xilinx, Inc. All Rights Reserved.
Running: C:/Xilinx/Vivado/2018.3/bin/unwrapped/win64.o/xelab.exe -wto 6b5124e8d7004c2e970800290fee2f07 --incr --debug typical --relax --mt 2 -L xil_defaultlib -L unisims_ver -L unimacro_ver -L secureip --snapshot comparator_4it_tb_behav xil_defaultlib.comparator_4it_tb xil_defaultlib.glbl -log elaborate.log 
Using 2 slave threads.
Starting static elaboration
WARNING: [VRFC 10-3091] actual bit length 1 differs from formal bit length 4 for port 'a4' [C:/Users/013162916/Documents/EE118_MidtermProject/EE118_MidtermProject.srcs/sim_1/new/comparator_4it_tb.v:27]
Completed static elaboration
Starting simulation data flow analysis
Completed simulation data flow analysis
Time Resolution for simulation is 1ps
Compiling module xil_defaultlib.comparator_2bit
Compiling module xil_defaultlib.comparator_4bit
Compiling module xil_defaultlib.comparator_4it_tb
Compiling module xil_defaultlib.glbl
Built simulation snapshot comparator_4it_tb_behav

****** Webtalk v2018.3 (64-bit)
  **** SW Build 2405991 on Thu Dec  6 23:38:27 MST 2018
  **** IP Build 2404404 on Fri Dec  7 01:43:56 MST 2018
    ** Copyright 1986-2018 Xilinx, Inc. All Rights Reserved.

source C:/Users/013162916/Documents/EE118_MidtermProject/EE118_MidtermProject.sim/sim_1/behav/xsim/xsim.dir/comparator_4it_tb_behav/webtalk/xsim_webtalk.tcl -notrace
INFO: [Common 17-206] Exiting Webtalk at Thu Oct 14 11:09:53 2021...
run_program: Time (s): cpu = 00:00:00 ; elapsed = 00:00:10 . Memory (MB): peak = 763.027 ; gain = 0.000
INFO: [USF-XSim-69] 'elaborate' step finished in '11' seconds
INFO: [USF-XSim-4] XSim::Simulate design
INFO: [USF-XSim-61] Executing 'SIMULATE' step in 'C:/Users/013162916/Documents/EE118_MidtermProject/EE118_MidtermProject.sim/sim_1/behav/xsim'
INFO: [USF-XSim-98] *** Running xsim
   with args "comparator_4it_tb_behav -key {Behavioral:sim_1:Functional:comparator_4it_tb} -tclbatch {comparator_4it_tb.tcl} -log {simulate.log}"
INFO: [USF-XSim-8] Loading simulator feature
Vivado Simulator 2018.3
Time resolution is 1 ps
source comparator_4it_tb.tcl
# set curr_wave [current_wave_config]
# if { [string length $curr_wave] == 0 } {
#   if { [llength [get_objects]] > 0} {
#     add_wave /
#     set_property needs_save false [current_wave_config]
#   } else {
#      send_msg_id Add_Wave-1 WARNING "No top level signals found. Simulator will start without a wave window. If you want to open a wave window go to 'File->New Waveform Configuration' or type 'create_wave_config' in the TCL console."
#   }
# }
# run 1000ns
INFO: [USF-XSim-96] XSim completed. Design snapshot 'comparator_4it_tb_behav' loaded.
INFO: [USF-XSim-97] XSim simulation ran for 1000ns
launch_simulation: Time (s): cpu = 00:00:10 ; elapsed = 00:00:21 . Memory (MB): peak = 787.043 ; gain = 24.016
close_sim
INFO: [Simtcl 6-16] Simulation closed
close_sim: Time (s): cpu = 00:00:02 ; elapsed = 00:00:05 . Memory (MB): peak = 813.875 ; gain = 0.000
launch_simulation
INFO: [Vivado 12-5682] Launching behavioral simulation in 'C:/Users/013162916/Documents/EE118_MidtermProject/EE118_MidtermProject.sim/sim_1/behav/xsim'
INFO: [SIM-utils-51] Simulation object is 'sim_1'
INFO: [SIM-utils-54] Inspecting design source files for 'comparator_4it_tb' in fileset 'sim_1'...
INFO: [USF-XSim-97] Finding global include files...
INFO: [USF-XSim-98] Fetching design files from 'sim_1'...
INFO: [USF-XSim-2] XSim::Compile design
INFO: [USF-XSim-61] Executing 'COMPILE and ANALYZE' step in 'C:/Users/013162916/Documents/EE118_MidtermProject/EE118_MidtermProject.sim/sim_1/behav/xsim'
"xvlog --incr --relax -prj comparator_4it_tb_vlog.prj"
INFO: [VRFC 10-2263] Analyzing Verilog file "C:/Users/013162916/Documents/EE118_MidtermProject/EE118_MidtermProject.srcs/sources_1/new/alu.v" into library xil_defaultlib
INFO: [VRFC 10-311] analyzing module comparator_2bit
INFO: [VRFC 10-311] analyzing module comparator_4bit
INFO: [VRFC 10-2263] Analyzing Verilog file "C:/Users/013162916/Documents/EE118_MidtermProject/EE118_MidtermProject.srcs/sim_1/new/comparator_4it_tb.v" into library xil_defaultlib
INFO: [VRFC 10-311] analyzing module comparator_4it_tb
INFO: [USF-XSim-69] 'compile' step finished in '2' seconds
INFO: [USF-XSim-3] XSim::Elaborate design
INFO: [USF-XSim-61] Executing 'ELABORATE' step in 'C:/Users/013162916/Documents/EE118_MidtermProject/EE118_MidtermProject.sim/sim_1/behav/xsim'
Vivado Simulator 2018.3
Copyright 1986-1999, 2001-2018 Xilinx, Inc. All Rights Reserved.
Running: C:/Xilinx/Vivado/2018.3/bin/unwrapped/win64.o/xelab.exe -wto 6b5124e8d7004c2e970800290fee2f07 --incr --debug typical --relax --mt 2 -L xil_defaultlib -L unisims_ver -L unimacro_ver -L secureip --snapshot comparator_4it_tb_behav xil_defaultlib.comparator_4it_tb xil_defaultlib.glbl -log elaborate.log 
Using 2 slave threads.
Starting static elaboration
Completed static elaboration
Starting simulation data flow analysis
Completed simulation data flow analysis
Time Resolution for simulation is 1ps
Compiling module xil_defaultlib.comparator_2bit
Compiling module xil_defaultlib.comparator_4bit
Compiling module xil_defaultlib.comparator_4it_tb
Compiling module xil_defaultlib.glbl
Built simulation snapshot comparator_4it_tb_behav
INFO: [USF-XSim-69] 'elaborate' step finished in '4' seconds
INFO: [USF-XSim-4] XSim::Simulate design
INFO: [USF-XSim-61] Executing 'SIMULATE' step in 'C:/Users/013162916/Documents/EE118_MidtermProject/EE118_MidtermProject.sim/sim_1/behav/xsim'
INFO: [USF-XSim-98] *** Running xsim
   with args "comparator_4it_tb_behav -key {Behavioral:sim_1:Functional:comparator_4it_tb} -tclbatch {comparator_4it_tb.tcl} -log {simulate.log}"
INFO: [USF-XSim-8] Loading simulator feature
Vivado Simulator 2018.3
Time resolution is 1 ps
source comparator_4it_tb.tcl
# set curr_wave [current_wave_config]
# if { [string length $curr_wave] == 0 } {
#   if { [llength [get_objects]] > 0} {
#     add_wave /
#     set_property needs_save false [current_wave_config]
#   } else {
#      send_msg_id Add_Wave-1 WARNING "No top level signals found. Simulator will start without a wave window. If you want to open a wave window go to 'File->New Waveform Configuration' or type 'create_wave_config' in the TCL console."
#   }
# }
# run 1000ns
INFO: [USF-XSim-96] XSim completed. Design snapshot 'comparator_4it_tb_behav' loaded.
INFO: [USF-XSim-97] XSim simulation ran for 1000ns
launch_simulation: Time (s): cpu = 00:00:05 ; elapsed = 00:00:09 . Memory (MB): peak = 822.719 ; gain = 8.844
close_sim
INFO: [Simtcl 6-16] Simulation closed
launch_simulation
INFO: [Vivado 12-5682] Launching behavioral simulation in 'C:/Users/013162916/Documents/EE118_MidtermProject/EE118_MidtermProject.sim/sim_1/behav/xsim'
INFO: [SIM-utils-51] Simulation object is 'sim_1'
INFO: [SIM-utils-54] Inspecting design source files for 'comparator_4it_tb' in fileset 'sim_1'...
INFO: [USF-XSim-97] Finding global include files...
INFO: [USF-XSim-98] Fetching design files from 'sim_1'...
INFO: [USF-XSim-2] XSim::Compile design
INFO: [USF-XSim-61] Executing 'COMPILE and ANALYZE' step in 'C:/Users/013162916/Documents/EE118_MidtermProject/EE118_MidtermProject.sim/sim_1/behav/xsim'
"xvlog --incr --relax -prj comparator_4it_tb_vlog.prj"
INFO: [VRFC 10-2263] Analyzing Verilog file "C:/Users/013162916/Documents/EE118_MidtermProject/EE118_MidtermProject.srcs/sources_1/new/alu.v" into library xil_defaultlib
INFO: [VRFC 10-311] analyzing module comparator_2bit
INFO: [VRFC 10-311] analyzing module comparator_4bit
INFO: [VRFC 10-2263] Analyzing Verilog file "C:/Users/013162916/Documents/EE118_MidtermProject/EE118_MidtermProject.srcs/sim_1/new/comparator_4it_tb.v" into library xil_defaultlib
INFO: [VRFC 10-311] analyzing module comparator_4it_tb
INFO: [USF-XSim-69] 'compile' step finished in '2' seconds
INFO: [USF-XSim-3] XSim::Elaborate design
INFO: [USF-XSim-61] Executing 'ELABORATE' step in 'C:/Users/013162916/Documents/EE118_MidtermProject/EE118_MidtermProject.sim/sim_1/behav/xsim'
Vivado Simulator 2018.3
Copyright 1986-1999, 2001-2018 Xilinx, Inc. All Rights Reserved.
Running: C:/Xilinx/Vivado/2018.3/bin/unwrapped/win64.o/xelab.exe -wto 6b5124e8d7004c2e970800290fee2f07 --incr --debug typical --relax --mt 2 -L xil_defaultlib -L unisims_ver -L unimacro_ver -L secureip --snapshot comparator_4it_tb_behav xil_defaultlib.comparator_4it_tb xil_defaultlib.glbl -log elaborate.log 
Using 2 slave threads.
Starting static elaboration
Completed static elaboration
Starting simulation data flow analysis
Completed simulation data flow analysis
Time Resolution for simulation is 1ps
Compiling module xil_defaultlib.comparator_2bit
Compiling module xil_defaultlib.comparator_4bit
Compiling module xil_defaultlib.comparator_4it_tb
Compiling module xil_defaultlib.glbl
Built simulation snapshot comparator_4it_tb_behav
INFO: [USF-XSim-69] 'elaborate' step finished in '4' seconds
INFO: [USF-XSim-4] XSim::Simulate design
INFO: [USF-XSim-61] Executing 'SIMULATE' step in 'C:/Users/013162916/Documents/EE118_MidtermProject/EE118_MidtermProject.sim/sim_1/behav/xsim'
INFO: [USF-XSim-98] *** Running xsim
   with args "comparator_4it_tb_behav -key {Behavioral:sim_1:Functional:comparator_4it_tb} -tclbatch {comparator_4it_tb.tcl} -log {simulate.log}"
INFO: [USF-XSim-8] Loading simulator feature
Vivado Simulator 2018.3
Time resolution is 1 ps
source comparator_4it_tb.tcl
# set curr_wave [current_wave_config]
# if { [string length $curr_wave] == 0 } {
#   if { [llength [get_objects]] > 0} {
#     add_wave /
#     set_property needs_save false [current_wave_config]
#   } else {
#      send_msg_id Add_Wave-1 WARNING "No top level signals found. Simulator will start without a wave window. If you want to open a wave window go to 'File->New Waveform Configuration' or type 'create_wave_config' in the TCL console."
#   }
# }
# run 1000ns
INFO: [USF-XSim-96] XSim completed. Design snapshot 'comparator_4it_tb_behav' loaded.
INFO: [USF-XSim-97] XSim simulation ran for 1000ns
launch_simulation: Time (s): cpu = 00:00:04 ; elapsed = 00:00:11 . Memory (MB): peak = 868.707 ; gain = 10.230
close_sim
INFO: [Simtcl 6-16] Simulation closed
launch_simulation
INFO: [Vivado 12-5682] Launching behavioral simulation in 'C:/Users/013162916/Documents/EE118_MidtermProject/EE118_MidtermProject.sim/sim_1/behav/xsim'
INFO: [SIM-utils-51] Simulation object is 'sim_1'
INFO: [SIM-utils-54] Inspecting design source files for 'comparator_4it_tb' in fileset 'sim_1'...
INFO: [USF-XSim-97] Finding global include files...
INFO: [USF-XSim-98] Fetching design files from 'sim_1'...
INFO: [USF-XSim-2] XSim::Compile design
INFO: [USF-XSim-61] Executing 'COMPILE and ANALYZE' step in 'C:/Users/013162916/Documents/EE118_MidtermProject/EE118_MidtermProject.sim/sim_1/behav/xsim'
"xvlog --incr --relax -prj comparator_4it_tb_vlog.prj"
INFO: [VRFC 10-2263] Analyzing Verilog file "C:/Users/013162916/Documents/EE118_MidtermProject/EE118_MidtermProject.srcs/sources_1/new/alu.v" into library xil_defaultlib
INFO: [VRFC 10-311] analyzing module comparator_2bit
INFO: [VRFC 10-311] analyzing module comparator_4bit
INFO: [VRFC 10-2263] Analyzing Verilog file "C:/Users/013162916/Documents/EE118_MidtermProject/EE118_MidtermProject.srcs/sim_1/new/comparator_4it_tb.v" into library xil_defaultlib
INFO: [VRFC 10-311] analyzing module comparator_4it_tb
INFO: [USF-XSim-69] 'compile' step finished in '2' seconds
INFO: [USF-XSim-3] XSim::Elaborate design
INFO: [USF-XSim-61] Executing 'ELABORATE' step in 'C:/Users/013162916/Documents/EE118_MidtermProject/EE118_MidtermProject.sim/sim_1/behav/xsim'
Vivado Simulator 2018.3
Copyright 1986-1999, 2001-2018 Xilinx, Inc. All Rights Reserved.
Running: C:/Xilinx/Vivado/2018.3/bin/unwrapped/win64.o/xelab.exe -wto 6b5124e8d7004c2e970800290fee2f07 --incr --debug typical --relax --mt 2 -L xil_defaultlib -L unisims_ver -L unimacro_ver -L secureip --snapshot comparator_4it_tb_behav xil_defaultlib.comparator_4it_tb xil_defaultlib.glbl -log elaborate.log 
Using 2 slave threads.
Starting static elaboration
Completed static elaboration
Starting simulation data flow analysis
Completed simulation data flow analysis
Time Resolution for simulation is 1ps
Compiling module xil_defaultlib.comparator_2bit
Compiling module xil_defaultlib.comparator_4bit
Compiling module xil_defaultlib.comparator_4it_tb
Compiling module xil_defaultlib.glbl
Built simulation snapshot comparator_4it_tb_behav
INFO: [USF-XSim-69] 'elaborate' step finished in '3' seconds
INFO: [USF-XSim-4] XSim::Simulate design
INFO: [USF-XSim-61] Executing 'SIMULATE' step in 'C:/Users/013162916/Documents/EE118_MidtermProject/EE118_MidtermProject.sim/sim_1/behav/xsim'
INFO: [USF-XSim-98] *** Running xsim
   with args "comparator_4it_tb_behav -key {Behavioral:sim_1:Functional:comparator_4it_tb} -tclbatch {comparator_4it_tb.tcl} -log {simulate.log}"
INFO: [USF-XSim-8] Loading simulator feature
Vivado Simulator 2018.3
Time resolution is 1 ps
source comparator_4it_tb.tcl
# set curr_wave [current_wave_config]
# if { [string length $curr_wave] == 0 } {
#   if { [llength [get_objects]] > 0} {
#     add_wave /
#     set_property needs_save false [current_wave_config]
#   } else {
#      send_msg_id Add_Wave-1 WARNING "No top level signals found. Simulator will start without a wave window. If you want to open a wave window go to 'File->New Waveform Configuration' or type 'create_wave_config' in the TCL console."
#   }
# }
# run 1000ns
xsim: Time (s): cpu = 00:00:04 ; elapsed = 00:00:05 . Memory (MB): peak = 869.871 ; gain = 0.000
INFO: [USF-XSim-96] XSim completed. Design snapshot 'comparator_4it_tb_behav' loaded.
INFO: [USF-XSim-97] XSim simulation ran for 1000ns
launch_simulation: Time (s): cpu = 00:00:04 ; elapsed = 00:00:11 . Memory (MB): peak = 869.871 ; gain = 0.000
close_sim
INFO: [Simtcl 6-16] Simulation closed
launch_simulation
INFO: [Vivado 12-5682] Launching behavioral simulation in 'C:/Users/013162916/Documents/EE118_MidtermProject/EE118_MidtermProject.sim/sim_1/behav/xsim'
INFO: [SIM-utils-51] Simulation object is 'sim_1'
INFO: [SIM-utils-54] Inspecting design source files for 'comparator_4it_tb' in fileset 'sim_1'...
INFO: [USF-XSim-97] Finding global include files...
INFO: [USF-XSim-98] Fetching design files from 'sim_1'...
INFO: [USF-XSim-2] XSim::Compile design
INFO: [USF-XSim-61] Executing 'COMPILE and ANALYZE' step in 'C:/Users/013162916/Documents/EE118_MidtermProject/EE118_MidtermProject.sim/sim_1/behav/xsim'
"xvlog --incr --relax -prj comparator_4it_tb_vlog.prj"
INFO: [VRFC 10-2263] Analyzing Verilog file "C:/Users/013162916/Documents/EE118_MidtermProject/EE118_MidtermProject.srcs/sources_1/new/alu.v" into library xil_defaultlib
INFO: [VRFC 10-311] analyzing module comparator_2bit
INFO: [VRFC 10-311] analyzing module comparator_4bit
INFO: [VRFC 10-2263] Analyzing Verilog file "C:/Users/013162916/Documents/EE118_MidtermProject/EE118_MidtermProject.srcs/sim_1/new/comparator_4it_tb.v" into library xil_defaultlib
INFO: [VRFC 10-311] analyzing module comparator_4it_tb
INFO: [USF-XSim-69] 'compile' step finished in '2' seconds
INFO: [USF-XSim-3] XSim::Elaborate design
INFO: [USF-XSim-61] Executing 'ELABORATE' step in 'C:/Users/013162916/Documents/EE118_MidtermProject/EE118_MidtermProject.sim/sim_1/behav/xsim'
Vivado Simulator 2018.3
Copyright 1986-1999, 2001-2018 Xilinx, Inc. All Rights Reserved.
Running: C:/Xilinx/Vivado/2018.3/bin/unwrapped/win64.o/xelab.exe -wto 6b5124e8d7004c2e970800290fee2f07 --incr --debug typical --relax --mt 2 -L xil_defaultlib -L unisims_ver -L unimacro_ver -L secureip --snapshot comparator_4it_tb_behav xil_defaultlib.comparator_4it_tb xil_defaultlib.glbl -log elaborate.log 
Using 2 slave threads.
Starting static elaboration
Completed static elaboration
Starting simulation data flow analysis
Completed simulation data flow analysis
Time Resolution for simulation is 1ps
Compiling module xil_defaultlib.comparator_2bit
Compiling module xil_defaultlib.comparator_4bit
Compiling module xil_defaultlib.comparator_4it_tb
Compiling module xil_defaultlib.glbl
Built simulation snapshot comparator_4it_tb_behav
INFO: [USF-XSim-69] 'elaborate' step finished in '3' seconds
INFO: [USF-XSim-4] XSim::Simulate design
INFO: [USF-XSim-61] Executing 'SIMULATE' step in 'C:/Users/013162916/Documents/EE118_MidtermProject/EE118_MidtermProject.sim/sim_1/behav/xsim'
INFO: [USF-XSim-98] *** Running xsim
   with args "comparator_4it_tb_behav -key {Behavioral:sim_1:Functional:comparator_4it_tb} -tclbatch {comparator_4it_tb.tcl} -log {simulate.log}"
INFO: [USF-XSim-8] Loading simulator feature
Vivado Simulator 2018.3
Time resolution is 1 ps
source comparator_4it_tb.tcl
# set curr_wave [current_wave_config]
# if { [string length $curr_wave] == 0 } {
#   if { [llength [get_objects]] > 0} {
#     add_wave /
#     set_property needs_save false [current_wave_config]
#   } else {
#      send_msg_id Add_Wave-1 WARNING "No top level signals found. Simulator will start without a wave window. If you want to open a wave window go to 'File->New Waveform Configuration' or type 'create_wave_config' in the TCL console."
#   }
# }
# run 1000ns
INFO: [USF-XSim-96] XSim completed. Design snapshot 'comparator_4it_tb_behav' loaded.
INFO: [USF-XSim-97] XSim simulation ran for 1000ns
launch_simulation: Time (s): cpu = 00:00:04 ; elapsed = 00:00:10 . Memory (MB): peak = 869.871 ; gain = 0.000
close_sim
INFO: [Simtcl 6-16] Simulation closed
launch_simulation
INFO: [Vivado 12-5682] Launching behavioral simulation in 'C:/Users/013162916/Documents/EE118_MidtermProject/EE118_MidtermProject.sim/sim_1/behav/xsim'
INFO: [SIM-utils-51] Simulation object is 'sim_1'
INFO: [SIM-utils-54] Inspecting design source files for 'comparator_4it_tb' in fileset 'sim_1'...
INFO: [USF-XSim-97] Finding global include files...
INFO: [USF-XSim-98] Fetching design files from 'sim_1'...
INFO: [USF-XSim-2] XSim::Compile design
INFO: [USF-XSim-61] Executing 'COMPILE and ANALYZE' step in 'C:/Users/013162916/Documents/EE118_MidtermProject/EE118_MidtermProject.sim/sim_1/behav/xsim'
"xvlog --incr --relax -prj comparator_4it_tb_vlog.prj"
INFO: [VRFC 10-2263] Analyzing Verilog file "C:/Users/013162916/Documents/EE118_MidtermProject/EE118_MidtermProject.srcs/sources_1/new/alu.v" into library xil_defaultlib
INFO: [VRFC 10-311] analyzing module comparator_2bit
INFO: [VRFC 10-311] analyzing module comparator_4bit
INFO: [VRFC 10-2263] Analyzing Verilog file "C:/Users/013162916/Documents/EE118_MidtermProject/EE118_MidtermProject.srcs/sim_1/new/comparator_4it_tb.v" into library xil_defaultlib
INFO: [VRFC 10-311] analyzing module comparator_4it_tb
INFO: [USF-XSim-69] 'compile' step finished in '2' seconds
INFO: [USF-XSim-3] XSim::Elaborate design
INFO: [USF-XSim-61] Executing 'ELABORATE' step in 'C:/Users/013162916/Documents/EE118_MidtermProject/EE118_MidtermProject.sim/sim_1/behav/xsim'
Vivado Simulator 2018.3
Copyright 1986-1999, 2001-2018 Xilinx, Inc. All Rights Reserved.
Running: C:/Xilinx/Vivado/2018.3/bin/unwrapped/win64.o/xelab.exe -wto 6b5124e8d7004c2e970800290fee2f07 --incr --debug typical --relax --mt 2 -L xil_defaultlib -L unisims_ver -L unimacro_ver -L secureip --snapshot comparator_4it_tb_behav xil_defaultlib.comparator_4it_tb xil_defaultlib.glbl -log elaborate.log 
Using 2 slave threads.
Starting static elaboration
Completed static elaboration
Starting simulation data flow analysis
Completed simulation data flow analysis
Time Resolution for simulation is 1ps
Compiling module xil_defaultlib.comparator_2bit
Compiling module xil_defaultlib.comparator_4bit
Compiling module xil_defaultlib.comparator_4it_tb
Compiling module xil_defaultlib.glbl
Built simulation snapshot comparator_4it_tb_behav
INFO: [USF-XSim-69] 'elaborate' step finished in '4' seconds
INFO: [USF-XSim-4] XSim::Simulate design
INFO: [USF-XSim-61] Executing 'SIMULATE' step in 'C:/Users/013162916/Documents/EE118_MidtermProject/EE118_MidtermProject.sim/sim_1/behav/xsim'
INFO: [USF-XSim-98] *** Running xsim
   with args "comparator_4it_tb_behav -key {Behavioral:sim_1:Functional:comparator_4it_tb} -tclbatch {comparator_4it_tb.tcl} -log {simulate.log}"
INFO: [USF-XSim-8] Loading simulator feature
Vivado Simulator 2018.3
Time resolution is 1 ps
source comparator_4it_tb.tcl
# set curr_wave [current_wave_config]
# if { [string length $curr_wave] == 0 } {
#   if { [llength [get_objects]] > 0} {
#     add_wave /
#     set_property needs_save false [current_wave_config]
#   } else {
#      send_msg_id Add_Wave-1 WARNING "No top level signals found. Simulator will start without a wave window. If you want to open a wave window go to 'File->New Waveform Configuration' or type 'create_wave_config' in the TCL console."
#   }
# }
# run 1000ns
INFO: [USF-XSim-96] XSim completed. Design snapshot 'comparator_4it_tb_behav' loaded.
INFO: [USF-XSim-97] XSim simulation ran for 1000ns
launch_simulation: Time (s): cpu = 00:00:02 ; elapsed = 00:00:08 . Memory (MB): peak = 869.871 ; gain = 0.000
close_sim
INFO: [Simtcl 6-16] Simulation closed
launch_simulation
INFO: [Vivado 12-5682] Launching behavioral simulation in 'C:/Users/013162916/Documents/EE118_MidtermProject/EE118_MidtermProject.sim/sim_1/behav/xsim'
INFO: [SIM-utils-51] Simulation object is 'sim_1'
INFO: [SIM-utils-54] Inspecting design source files for 'comparator_4it_tb' in fileset 'sim_1'...
INFO: [USF-XSim-97] Finding global include files...
INFO: [USF-XSim-98] Fetching design files from 'sim_1'...
INFO: [USF-XSim-2] XSim::Compile design
INFO: [USF-XSim-61] Executing 'COMPILE and ANALYZE' step in 'C:/Users/013162916/Documents/EE118_MidtermProject/EE118_MidtermProject.sim/sim_1/behav/xsim'
"xvlog --incr --relax -prj comparator_4it_tb_vlog.prj"
INFO: [VRFC 10-2263] Analyzing Verilog file "C:/Users/013162916/Documents/EE118_MidtermProject/EE118_MidtermProject.srcs/sources_1/new/alu.v" into library xil_defaultlib
INFO: [VRFC 10-311] analyzing module comparator_2bit
INFO: [VRFC 10-311] analyzing module comparator_4bit
INFO: [VRFC 10-2263] Analyzing Verilog file "C:/Users/013162916/Documents/EE118_MidtermProject/EE118_MidtermProject.srcs/sim_1/new/comparator_4it_tb.v" into library xil_defaultlib
INFO: [VRFC 10-311] analyzing module comparator_4it_tb
INFO: [USF-XSim-69] 'compile' step finished in '2' seconds
INFO: [USF-XSim-3] XSim::Elaborate design
INFO: [USF-XSim-61] Executing 'ELABORATE' step in 'C:/Users/013162916/Documents/EE118_MidtermProject/EE118_MidtermProject.sim/sim_1/behav/xsim'
Vivado Simulator 2018.3
Copyright 1986-1999, 2001-2018 Xilinx, Inc. All Rights Reserved.
Running: C:/Xilinx/Vivado/2018.3/bin/unwrapped/win64.o/xelab.exe -wto 6b5124e8d7004c2e970800290fee2f07 --incr --debug typical --relax --mt 2 -L xil_defaultlib -L unisims_ver -L unimacro_ver -L secureip --snapshot comparator_4it_tb_behav xil_defaultlib.comparator_4it_tb xil_defaultlib.glbl -log elaborate.log 
Using 2 slave threads.
Starting static elaboration
Completed static elaboration
Starting simulation data flow analysis
Completed simulation data flow analysis
Time Resolution for simulation is 1ps
Compiling module xil_defaultlib.comparator_2bit
Compiling module xil_defaultlib.comparator_4bit
Compiling module xil_defaultlib.comparator_4it_tb
Compiling module xil_defaultlib.glbl
Built simulation snapshot comparator_4it_tb_behav
INFO: [USF-XSim-69] 'elaborate' step finished in '4' seconds
INFO: [USF-XSim-4] XSim::Simulate design
INFO: [USF-XSim-61] Executing 'SIMULATE' step in 'C:/Users/013162916/Documents/EE118_MidtermProject/EE118_MidtermProject.sim/sim_1/behav/xsim'
INFO: [USF-XSim-98] *** Running xsim
   with args "comparator_4it_tb_behav -key {Behavioral:sim_1:Functional:comparator_4it_tb} -tclbatch {comparator_4it_tb.tcl} -log {simulate.log}"
INFO: [USF-XSim-8] Loading simulator feature
Vivado Simulator 2018.3
Time resolution is 1 ps
source comparator_4it_tb.tcl
# set curr_wave [current_wave_config]
# if { [string length $curr_wave] == 0 } {
#   if { [llength [get_objects]] > 0} {
#     add_wave /
#     set_property needs_save false [current_wave_config]
#   } else {
#      send_msg_id Add_Wave-1 WARNING "No top level signals found. Simulator will start without a wave window. If you want to open a wave window go to 'File->New Waveform Configuration' or type 'create_wave_config' in the TCL console."
#   }
# }
# run 1000ns
INFO: [USF-XSim-96] XSim completed. Design snapshot 'comparator_4it_tb_behav' loaded.
INFO: [USF-XSim-97] XSim simulation ran for 1000ns
launch_simulation: Time (s): cpu = 00:00:03 ; elapsed = 00:00:08 . Memory (MB): peak = 869.871 ; gain = 0.000
close_sim
INFO: [Simtcl 6-16] Simulation closed
exit
INFO: [Common 17-206] Exiting Vivado at Thu Oct 14 11:46:18 2021...
