#-----------------------------------------------------------
# Vivado v2018.3 (64-bit)
# SW Build 2405991 on Thu Dec  6 23:38:27 MST 2018
# IP Build 2404404 on Fri Dec  7 01:43:56 MST 2018
# Start of session at: Thu Sep 30 10:50:38 2021
# Process ID: 8268
# Current directory: C:/Users/013162916/Documents/labD
# Command line: vivado.exe -gui_launcher_event rodinguilauncherevent13984 C:\Users\013162916\Documents\labD\labD.xpr
# Log file: C:/Users/013162916/Documents/labD/vivado.log
# Journal file: C:/Users/013162916/Documents/labD\vivado.jou
#-----------------------------------------------------------
start_gui
open_project C:/Users/013162916/Documents/labD/labD.xpr
INFO: [Project 1-313] Project file moved from 'C:/Users/013162916/labD' since last save.
Scanning sources...
Finished scanning sources
INFO: [IP_Flow 19-234] Refreshing IP repositories
INFO: [IP_Flow 19-1704] No user IP repositories specified
INFO: [IP_Flow 19-2313] Loaded Vivado IP repository 'C:/Xilinx/Vivado/2018.3/data/ip'.
open_project: Time (s): cpu = 00:00:35 ; elapsed = 00:00:22 . Memory (MB): peak = 760.133 ; gain = 171.750
update_compile_order -fileset sources_1
close [ open C:/Users/013162916/Documents/labD/labD.srcs/sources_1/new/comparator4bit.v w ]
add_files C:/Users/013162916/Documents/labD/labD.srcs/sources_1/new/comparator4bit.v
update_compile_order -fileset sources_1
set_property is_enabled false [get_files  C:/Users/013162916/Documents/labD/labD.srcs/sources_1/imports/Downloads/comparator.v]
update_compile_order -fileset sources_1
file mkdir C:/Users/013162916/Documents/labD/labD.srcs/sim_1/new
set_property SOURCE_SET sources_1 [get_filesets sim_1]
close [ open C:/Users/013162916/Documents/labD/labD.srcs/sim_1/new/comparator4bit_tb.v w ]
add_files -fileset sim_1 C:/Users/013162916/Documents/labD/labD.srcs/sim_1/new/comparator4bit_tb.v
update_compile_order -fileset sim_1
set_property is_enabled false [get_files  C:/Users/013162916/Documents/labD/labD.srcs/sim_1/new/comparator4bit_tb.v]
set_property is_enabled false [get_files  C:/Users/013162916/Documents/labD/labD.srcs/sources_1/new/comparator4bit.v]
set_property is_enabled true [get_files  C:/Users/013162916/Documents/labD/labD.srcs/sources_1/imports/Downloads/comparator.v]
set_property is_enabled true [get_files  C:/Users/013162916/Documents/labD/labD.srcs/constrs_1/imports/Downloads/comparator_const.xdc]
set_property is_enabled false [get_files  C:/Users/013162916/Documents/labD/labD.srcs/constrs_1/imports/Downloads/comparator4bit.xdc]
reset_run synth_1
launch_runs synth_1 -jobs 2
[Thu Sep 30 10:56:32 2021] Launched synth_1...
Run output will be captured here: C:/Users/013162916/Documents/labD/labD.runs/synth_1/runme.log
reset_run synth_1
exit
INFO: [Common 17-206] Exiting Vivado at Thu Sep 30 10:57:12 2021...
