#-----------------------------------------------------------
# Vivado v2018.3 (64-bit)
# SW Build 2405991 on Thu Dec  6 23:38:27 MST 2018
# IP Build 2404404 on Fri Dec  7 01:43:56 MST 2018
# Start of session at: Thu Nov  4 09:49:13 2021
# Process ID: 10648
# Current directory: C:/Users/013162916/Documents/labF_v2
# Command line: vivado.exe -gui_launcher_event rodinguilauncherevent21096 C:\Users\013162916\Documents\labF_v2\labF.xpr
# Log file: C:/Users/013162916/Documents/labF_v2/vivado.log
# Journal file: C:/Users/013162916/Documents/labF_v2\vivado.jou
#-----------------------------------------------------------
start_gui
open_project C:/Users/013162916/Documents/labF_v2/labF.xpr
INFO: [Project 1-313] Project file moved from 'C:/Users/013162916/Downloads/labF' since last save.
Scanning sources...
Finished scanning sources
INFO: [IP_Flow 19-234] Refreshing IP repositories
INFO: [IP_Flow 19-1704] No user IP repositories specified
INFO: [IP_Flow 19-2313] Loaded Vivado IP repository 'C:/Xilinx/Vivado/2018.3/data/ip'.
open_project: Time (s): cpu = 00:00:26 ; elapsed = 00:00:16 . Memory (MB): peak = 751.465 ; gain = 188.676
update_compile_order -fileset sources_1
close [ open C:/Users/013162916/Documents/labF_v2/labF.srcs/sources_1/new/ms_d_flipflop.v w ]
add_files C:/Users/013162916/Documents/labF_v2/labF.srcs/sources_1/new/ms_d_flipflop.v
update_compile_order -fileset sources_1
update_compile_order -fileset sources_1
set_property SOURCE_SET sources_1 [get_filesets sim_1]
close [ open C:/Users/013162916/Documents/labF_v2/labF.srcs/sim_1/new/ms_flipflop_tb.v w ]
add_files -fileset sim_1 C:/Users/013162916/Documents/labF_v2/labF.srcs/sim_1/new/ms_flipflop_tb.v
update_compile_order -fileset sim_1
set_property SOURCE_SET sources_1 [get_filesets sim_1]
add_files -fileset sim_1 -norecurse C:/Users/013162916/Downloads/tb_3.v
update_compile_order -fileset sim_1
export_ip_user_files -of_objects  [get_files C:/Users/013162916/Downloads/tb_3.v] -no_script -reset -force -quiet
remove_files  -fileset sim_1 C:/Users/013162916/Downloads/tb_3.v
set_property SOURCE_SET sources_1 [get_filesets sim_1]
add_files -fileset sim_1 -norecurse C:/Users/013162916/Downloads/tb_3.v
update_compile_order -fileset sim_1
set_property is_enabled false [get_files  C:/Users/013162916/Downloads/tb_3.v]
set_property is_enabled false [get_files  C:/Users/013162916/Documents/labF_v2/labF.srcs/sim_1/new/d_latch_tb.v]
set_property top ms_flipflop_tb [get_filesets sim_1]
set_property top_lib xil_defaultlib [get_filesets sim_1]
update_compile_order -fileset sim_1
launch_simulation
INFO: [Vivado 12-5682] Launching behavioral simulation in 'C:/Users/013162916/Documents/labF_v2/labF.sim/sim_1/behav/xsim'
INFO: [SIM-utils-51] Simulation object is 'sim_1'
INFO: [SIM-utils-54] Inspecting design source files for 'ms_flipflop_tb' in fileset 'sim_1'...
INFO: [USF-XSim-97] Finding global include files...
INFO: [USF-XSim-98] Fetching design files from 'sim_1'...
INFO: [USF-XSim-2] XSim::Compile design
INFO: [USF-XSim-61] Executing 'COMPILE and ANALYZE' step in 'C:/Users/013162916/Documents/labF_v2/labF.sim/sim_1/behav/xsim'
"xvlog --incr --relax -prj ms_flipflop_tb_vlog.prj"
INFO: [VRFC 10-2263] Analyzing Verilog file "C:/Users/013162916/Documents/labF_v2/labF.srcs/sources_1/new/latch_d.v" into library xil_defaultlib
INFO: [VRFC 10-311] analyzing module latch_d
INFO: [VRFC 10-2263] Analyzing Verilog file "C:/Users/013162916/Documents/labF_v2/labF.srcs/sources_1/new/ms_d_flipflop.v" into library xil_defaultlib
INFO: [VRFC 10-311] analyzing module ms_d_flipflop
INFO: [VRFC 10-2263] Analyzing Verilog file "C:/Users/013162916/Documents/labF_v2/labF.srcs/sim_1/new/ms_flipflop_tb.v" into library xil_defaultlib
INFO: [VRFC 10-311] analyzing module ms_flipflop_tb
INFO: [VRFC 10-2263] Analyzing Verilog file "C:/Users/013162916/Documents/labF_v2/labF.sim/sim_1/behav/xsim/glbl.v" into library xil_defaultlib
INFO: [VRFC 10-311] analyzing module glbl
INFO: [USF-XSim-69] 'compile' step finished in '3' seconds
INFO: [USF-XSim-3] XSim::Elaborate design
INFO: [USF-XSim-61] Executing 'ELABORATE' step in 'C:/Users/013162916/Documents/labF_v2/labF.sim/sim_1/behav/xsim'
Vivado Simulator 2018.3
Copyright 1986-1999, 2001-2018 Xilinx, Inc. All Rights Reserved.
Running: C:/Xilinx/Vivado/2018.3/bin/unwrapped/win64.o/xelab.exe -wto 5bff64c370db4661bcce053b853bc0db --incr --debug typical --relax --mt 2 -L xil_defaultlib -L unisims_ver -L unimacro_ver -L secureip --snapshot ms_flipflop_tb_behav xil_defaultlib.ms_flipflop_tb xil_defaultlib.glbl -log elaborate.log 
Using 2 slave threads.
Starting static elaboration
Completed static elaboration
Starting simulation data flow analysis
Completed simulation data flow analysis
Time Resolution for simulation is 1ps
Compiling module xil_defaultlib.latch_d
Compiling module xil_defaultlib.ms_d_flipflop
Compiling module xil_defaultlib.ms_flipflop_tb
Compiling module xil_defaultlib.glbl
Built simulation snapshot ms_flipflop_tb_behav

****** Webtalk v2018.3 (64-bit)
  **** SW Build 2405991 on Thu Dec  6 23:38:27 MST 2018
  **** IP Build 2404404 on Fri Dec  7 01:43:56 MST 2018
    ** Copyright 1986-2018 Xilinx, Inc. All Rights Reserved.

source C:/Users/013162916/Documents/labF_v2/labF.sim/sim_1/behav/xsim/xsim.dir/ms_flipflop_tb_behav/webtalk/xsim_webtalk.tcl -notrace
INFO: [Common 17-206] Exiting Webtalk at Thu Nov  4 10:17:00 2021...
run_program: Time (s): cpu = 00:00:00 ; elapsed = 00:00:09 . Memory (MB): peak = 827.008 ; gain = 0.000
INFO: [USF-XSim-69] 'elaborate' step finished in '8' seconds
INFO: [USF-XSim-4] XSim::Simulate design
INFO: [USF-XSim-61] Executing 'SIMULATE' step in 'C:/Users/013162916/Documents/labF_v2/labF.sim/sim_1/behav/xsim'
INFO: [USF-XSim-98] *** Running xsim
   with args "ms_flipflop_tb_behav -key {Behavioral:sim_1:Functional:ms_flipflop_tb} -tclbatch {ms_flipflop_tb.tcl} -log {simulate.log}"
INFO: [USF-XSim-8] Loading simulator feature
Vivado Simulator 2018.3
Time resolution is 1 ps
source ms_flipflop_tb.tcl
# set curr_wave [current_wave_config]
# if { [string length $curr_wave] == 0 } {
#   if { [llength [get_objects]] > 0} {
#     add_wave /
#     set_property needs_save false [current_wave_config]
#   } else {
#      send_msg_id Add_Wave-1 WARNING "No top level signals found. Simulator will start without a wave window. If you want to open a wave window go to 'File->New Waveform Configuration' or type 'create_wave_config' in the TCL console."
#   }
# }
# run 1000ns
INFO: [USF-XSim-96] XSim completed. Design snapshot 'ms_flipflop_tb_behav' loaded.
INFO: [USF-XSim-97] XSim simulation ran for 1000ns
launch_simulation: Time (s): cpu = 00:00:11 ; elapsed = 00:00:21 . Memory (MB): peak = 841.094 ; gain = 14.086
close_sim
INFO: [Simtcl 6-16] Simulation closed
close_sim: Time (s): cpu = 00:00:04 ; elapsed = 00:00:06 . Memory (MB): peak = 842.363 ; gain = 0.000
add_files -norecurse C:/Users/013162916/Downloads/design_3.v
update_compile_order -fileset sources_1
export_ip_user_files -of_objects  [get_files C:/Users/013162916/Downloads/design_3.v] -no_script -reset -force -quiet
remove_files  C:/Users/013162916/Downloads/design_3.v
export_ip_user_files -of_objects  [get_files C:/Users/013162916/Downloads/tb_3.v] -no_script -reset -force -quiet
remove_files  -fileset sim_1 C:/Users/013162916/Downloads/tb_3.v
close [ open C:/Users/013162916/Documents/labF_v2/labF.srcs/sources_1/new/multiple_storage.v w ]
add_files C:/Users/013162916/Documents/labF_v2/labF.srcs/sources_1/new/multiple_storage.v
update_compile_order -fileset sources_1
add_files -norecurse C:/Users/013162916/Downloads/design_4.v
update_compile_order -fileset sources_1
set_property is_enabled false [get_files  C:/Users/013162916/Downloads/design_4.v]
add_files -norecurse C:/Users/013162916/Downloads/design_3.v
update_compile_order -fileset sources_1
WARNING: [filemgmt 56-199] Attempt to get parsing info during refresh. "On-the-fly" syntax checking information may be incorrect. [C:/Users/013162916/Downloads/tb_3.v:]
WARNING: [filemgmt 56-199] Attempt to get parsing info during refresh. "On-the-fly" syntax checking information may be incorrect. [C:/Users/013162916/Documents/labF_v2/labF.srcs/sources_1/new/latch_d.v:]
WARNING: [filemgmt 56-199] Attempt to get parsing info during refresh. "On-the-fly" syntax checking information may be incorrect. [C:/Users/013162916/Downloads/design_3.v:]
WARNING: [filemgmt 56-199] Attempt to get parsing info during refresh. "On-the-fly" syntax checking information may be incorrect. [C:/Users/013162916/Documents/labF_v2/labF.srcs/sources_1/new/multiple_storage.v:]
WARNING: [filemgmt 56-199] Attempt to get parsing info during refresh. "On-the-fly" syntax checking information may be incorrect. [C:/Users/013162916/Downloads/tb_3.v:]
WARNING: [filemgmt 56-199] Attempt to get parsing info during refresh. "On-the-fly" syntax checking information may be incorrect. [C:/Users/013162916/Documents/labF_v2/labF.srcs/sources_1/new/latch_d.v:]
WARNING: [filemgmt 56-199] Attempt to get parsing info during refresh. "On-the-fly" syntax checking information may be incorrect. [C:/Users/013162916/Downloads/design_3.v:]
WARNING: [filemgmt 56-199] Attempt to get parsing info during refresh. "On-the-fly" syntax checking information may be incorrect. [C:/Users/013162916/Documents/labF_v2/labF.srcs/sources_1/new/multiple_storage.v:]
WARNING: [filemgmt 56-199] Attempt to get parsing info during refresh. "On-the-fly" syntax checking information may be incorrect. [C:/Users/013162916/Downloads/tb_3.v:]
WARNING: [filemgmt 56-199] Attempt to get parsing info during refresh. "On-the-fly" syntax checking information may be incorrect. [C:/Users/013162916/Documents/labF_v2/labF.srcs/sources_1/new/latch_d.v:]
WARNING: [filemgmt 56-199] Attempt to get parsing info during refresh. "On-the-fly" syntax checking information may be incorrect. [C:/Users/013162916/Downloads/design_3.v:]
WARNING: [filemgmt 56-199] Attempt to get parsing info during refresh. "On-the-fly" syntax checking information may be incorrect. [C:/Users/013162916/Documents/labF_v2/labF.srcs/sources_1/new/multiple_storage.v:]
WARNING: [filemgmt 56-199] Attempt to get parsing info during refresh. "On-the-fly" syntax checking information may be incorrect. [C:/Users/013162916/Downloads/tb_3.v:]
WARNING: [filemgmt 56-199] Attempt to get parsing info during refresh. "On-the-fly" syntax checking information may be incorrect. [C:/Users/013162916/Documents/labF_v2/labF.srcs/sources_1/new/latch_d.v:]
WARNING: [filemgmt 56-199] Attempt to get parsing info during refresh. "On-the-fly" syntax checking information may be incorrect. [C:/Users/013162916/Downloads/design_3.v:]
WARNING: [filemgmt 56-199] Attempt to get parsing info during refresh. "On-the-fly" syntax checking information may be incorrect. [C:/Users/013162916/Documents/labF_v2/labF.srcs/sources_1/new/multiple_storage.v:]
WARNING: [filemgmt 56-199] Attempt to get parsing info during refresh. "On-the-fly" syntax checking information may be incorrect. [C:/Users/013162916/Downloads/tb_3.v:]
WARNING: [filemgmt 56-199] Attempt to get parsing info during refresh. "On-the-fly" syntax checking information may be incorrect. [C:/Users/013162916/Documents/labF_v2/labF.srcs/sources_1/new/latch_d.v:]
WARNING: [filemgmt 56-199] Attempt to get parsing info during refresh. "On-the-fly" syntax checking information may be incorrect. [C:/Users/013162916/Downloads/design_3.v:]
WARNING: [filemgmt 56-199] Attempt to get parsing info during refresh. "On-the-fly" syntax checking information may be incorrect. [C:/Users/013162916/Documents/labF_v2/labF.srcs/sources_1/new/multiple_storage.v:]
WARNING: [filemgmt 56-199] Attempt to get parsing info during refresh. "On-the-fly" syntax checking information may be incorrect. [C:/Users/013162916/Downloads/tb_3.v:]
WARNING: [filemgmt 56-199] Attempt to get parsing info during refresh. "On-the-fly" syntax checking information may be incorrect. [C:/Users/013162916/Documents/labF_v2/labF.srcs/sources_1/new/latch_d.v:]
WARNING: [filemgmt 56-199] Attempt to get parsing info during refresh. "On-the-fly" syntax checking information may be incorrect. [C:/Users/013162916/Downloads/design_3.v:]
WARNING: [filemgmt 56-199] Attempt to get parsing info during refresh. "On-the-fly" syntax checking information may be incorrect. [C:/Users/013162916/Documents/labF_v2/labF.srcs/sources_1/new/multiple_storage.v:]
WARNING: [filemgmt 56-199] Attempt to get parsing info during refresh. "On-the-fly" syntax checking information may be incorrect. [C:/Users/013162916/Downloads/tb_3.v:]
WARNING: [filemgmt 56-199] Attempt to get parsing info during refresh. "On-the-fly" syntax checking information may be incorrect. [C:/Users/013162916/Documents/labF_v2/labF.srcs/sources_1/new/latch_d.v:]
WARNING: [filemgmt 56-199] Attempt to get parsing info during refresh. "On-the-fly" syntax checking information may be incorrect. [C:/Users/013162916/Downloads/design_3.v:]
WARNING: [filemgmt 56-199] Attempt to get parsing info during refresh. "On-the-fly" syntax checking information may be incorrect. [C:/Users/013162916/Documents/labF_v2/labF.srcs/sources_1/new/multiple_storage.v:]
WARNING: [filemgmt 56-199] Attempt to get parsing info during refresh. "On-the-fly" syntax checking information may be incorrect. [C:/Users/013162916/Downloads/tb_3.v:]
WARNING: [filemgmt 56-199] Attempt to get parsing info during refresh. "On-the-fly" syntax checking information may be incorrect. [C:/Users/013162916/Documents/labF_v2/labF.srcs/sources_1/new/latch_d.v:]
WARNING: [filemgmt 56-199] Attempt to get parsing info during refresh. "On-the-fly" syntax checking information may be incorrect. [C:/Users/013162916/Downloads/design_3.v:]
WARNING: [filemgmt 56-199] Attempt to get parsing info during refresh. "On-the-fly" syntax checking information may be incorrect. [C:/Users/013162916/Documents/labF_v2/labF.srcs/sources_1/new/multiple_storage.v:]
WARNING: [filemgmt 56-199] Attempt to get parsing info during refresh. "On-the-fly" syntax checking information may be incorrect. [C:/Users/013162916/Downloads/tb_3.v:]
WARNING: [filemgmt 56-199] Attempt to get parsing info during refresh. "On-the-fly" syntax checking information may be incorrect. [C:/Users/013162916/Documents/labF_v2/labF.srcs/sources_1/new/latch_d.v:]
WARNING: [filemgmt 56-199] Attempt to get parsing info during refresh. "On-the-fly" syntax checking information may be incorrect. [C:/Users/013162916/Downloads/design_3.v:]
WARNING: [filemgmt 56-199] Attempt to get parsing info during refresh. "On-the-fly" syntax checking information may be incorrect. [C:/Users/013162916/Documents/labF_v2/labF.srcs/sources_1/new/multiple_storage.v:]
set_property is_enabled false [get_files  C:/Users/013162916/Downloads/design_3.v]
set_property SOURCE_SET sources_1 [get_filesets sim_1]
close [ open C:/Users/013162916/Documents/labF_v2/labF.srcs/sim_1/new/multiple_storage_tb.v w ]
add_files -fileset sim_1 C:/Users/013162916/Documents/labF_v2/labF.srcs/sim_1/new/multiple_storage_tb.v
update_compile_order -fileset sim_1
set_property SOURCE_SET sources_1 [get_filesets sim_1]
add_files -fileset sim_1 -norecurse C:/Users/013162916/Downloads/tb_4.v
update_compile_order -fileset sim_1
set_property is_enabled false [get_files  C:/Users/013162916/Downloads/tb_4.v]
set_property SOURCE_SET sources_1 [get_filesets sim_1]
add_files -fileset sim_1 -norecurse C:/Users/013162916/Downloads/tb_3.v
update_compile_order -fileset sim_1
set_property is_enabled false [get_files  C:/Users/013162916/Downloads/tb_3.v]
set_property is_enabled false [get_files  C:/Users/013162916/Documents/labF_v2/labF.srcs/sim_1/new/ms_flipflop_tb.v]
update_compile_order -fileset sim_1
update_compile_order -fileset sim_1
set_property is_enabled false [get_files  C:/Users/013162916/Documents/labF_v2/labF.srcs/sources_1/new/ms_d_flipflop.v]
update_compile_order -fileset sources_1
update_compile_order -fileset sim_1
set_property top multiple_storage_tb [get_filesets sim_1]
set_property top_lib xil_defaultlib [get_filesets sim_1]
launch_simulation
INFO: [Vivado 12-5682] Launching behavioral simulation in 'C:/Users/013162916/Documents/labF_v2/labF.sim/sim_1/behav/xsim'
INFO: [SIM-utils-51] Simulation object is 'sim_1'
INFO: [SIM-utils-54] Inspecting design source files for 'multiple_storage_tb' in fileset 'sim_1'...
INFO: [USF-XSim-97] Finding global include files...
INFO: [USF-XSim-98] Fetching design files from 'sim_1'...
INFO: [USF-XSim-2] XSim::Compile design
INFO: [USF-XSim-61] Executing 'COMPILE and ANALYZE' step in 'C:/Users/013162916/Documents/labF_v2/labF.sim/sim_1/behav/xsim'
"xvlog --incr --relax -prj multiple_storage_tb_vlog.prj"
INFO: [VRFC 10-2263] Analyzing Verilog file "C:/Users/013162916/Documents/labF_v2/labF.srcs/sources_1/new/multiple_storage.v" into library xil_defaultlib
INFO: [VRFC 10-311] analyzing module Positiveedge
INFO: [VRFC 10-311] analyzing module Negativeedge
INFO: [VRFC 10-311] analyzing module multiple_storage
INFO: [VRFC 10-2263] Analyzing Verilog file "C:/Users/013162916/Documents/labF_v2/labF.srcs/sim_1/new/multiple_storage_tb.v" into library xil_defaultlib
INFO: [VRFC 10-311] analyzing module multiple_storage_tb
INFO: [USF-XSim-69] 'compile' step finished in '2' seconds
INFO: [USF-XSim-3] XSim::Elaborate design
INFO: [USF-XSim-61] Executing 'ELABORATE' step in 'C:/Users/013162916/Documents/labF_v2/labF.sim/sim_1/behav/xsim'
Vivado Simulator 2018.3
Copyright 1986-1999, 2001-2018 Xilinx, Inc. All Rights Reserved.
Running: C:/Xilinx/Vivado/2018.3/bin/unwrapped/win64.o/xelab.exe -wto 5bff64c370db4661bcce053b853bc0db --incr --debug typical --relax --mt 2 -L xil_defaultlib -L unisims_ver -L unimacro_ver -L secureip --snapshot multiple_storage_tb_behav xil_defaultlib.multiple_storage_tb xil_defaultlib.glbl -log elaborate.log 
Using 2 slave threads.
Starting static elaboration
Completed static elaboration
Starting simulation data flow analysis
Completed simulation data flow analysis
Time Resolution for simulation is 1ps
Compiling module xil_defaultlib.latch_d
Compiling module xil_defaultlib.Positiveedge
Compiling module xil_defaultlib.Negativeedge
Compiling module xil_defaultlib.multiple_storage
Compiling module xil_defaultlib.multiple_storage_tb
Compiling module xil_defaultlib.glbl
Built simulation snapshot multiple_storage_tb_behav

****** Webtalk v2018.3 (64-bit)
  **** SW Build 2405991 on Thu Dec  6 23:38:27 MST 2018
  **** IP Build 2404404 on Fri Dec  7 01:43:56 MST 2018
    ** Copyright 1986-2018 Xilinx, Inc. All Rights Reserved.

source C:/Users/013162916/Documents/labF_v2/labF.sim/sim_1/behav/xsim/xsim.dir/multiple_storage_tb_behav/webtalk/xsim_webtalk.tcl -notrace
INFO: [Common 17-206] Exiting Webtalk at Thu Nov  4 10:54:26 2021...
run_program: Time (s): cpu = 00:00:01 ; elapsed = 00:00:07 . Memory (MB): peak = 842.363 ; gain = 0.000
INFO: [USF-XSim-69] 'elaborate' step finished in '6' seconds
INFO: [USF-XSim-4] XSim::Simulate design
INFO: [USF-XSim-61] Executing 'SIMULATE' step in 'C:/Users/013162916/Documents/labF_v2/labF.sim/sim_1/behav/xsim'
INFO: [USF-XSim-98] *** Running xsim
   with args "multiple_storage_tb_behav -key {Behavioral:sim_1:Functional:multiple_storage_tb} -tclbatch {multiple_storage_tb.tcl} -log {simulate.log}"
INFO: [USF-XSim-8] Loading simulator feature
Vivado Simulator 2018.3
Time resolution is 1 ps
source multiple_storage_tb.tcl
# set curr_wave [current_wave_config]
# if { [string length $curr_wave] == 0 } {
#   if { [llength [get_objects]] > 0} {
#     add_wave /
#     set_property needs_save false [current_wave_config]
#   } else {
#      send_msg_id Add_Wave-1 WARNING "No top level signals found. Simulator will start without a wave window. If you want to open a wave window go to 'File->New Waveform Configuration' or type 'create_wave_config' in the TCL console."
#   }
# }
# run 1000ns
INFO: [USF-XSim-96] XSim completed. Design snapshot 'multiple_storage_tb_behav' loaded.
INFO: [USF-XSim-97] XSim simulation ran for 1000ns
launch_simulation: Time (s): cpu = 00:00:04 ; elapsed = 00:00:13 . Memory (MB): peak = 842.363 ; gain = 0.000
close_sim
INFO: [Simtcl 6-16] Simulation closed
update_compile_order -fileset sources_1
launch_simulation
INFO: [Vivado 12-5682] Launching behavioral simulation in 'C:/Users/013162916/Documents/labF_v2/labF.sim/sim_1/behav/xsim'
INFO: [SIM-utils-51] Simulation object is 'sim_1'
INFO: [SIM-utils-54] Inspecting design source files for 'multiple_storage_tb' in fileset 'sim_1'...
INFO: [USF-XSim-97] Finding global include files...
INFO: [USF-XSim-98] Fetching design files from 'sim_1'...
INFO: [USF-XSim-2] XSim::Compile design
INFO: [USF-XSim-61] Executing 'COMPILE and ANALYZE' step in 'C:/Users/013162916/Documents/labF_v2/labF.sim/sim_1/behav/xsim'
"xvlog --incr --relax -prj multiple_storage_tb_vlog.prj"
INFO: [VRFC 10-2263] Analyzing Verilog file "C:/Users/013162916/Documents/labF_v2/labF.srcs/sources_1/new/multiple_storage.v" into library xil_defaultlib
INFO: [VRFC 10-311] analyzing module gatedlatch
INFO: [VRFC 10-311] analyzing module Positiveedge
INFO: [VRFC 10-311] analyzing module Negativeedge
INFO: [VRFC 10-311] analyzing module multiple_storage
INFO: [VRFC 10-2263] Analyzing Verilog file "C:/Users/013162916/Documents/labF_v2/labF.srcs/sim_1/new/multiple_storage_tb.v" into library xil_defaultlib
INFO: [VRFC 10-311] analyzing module multiple_storage_tb
INFO: [USF-XSim-69] 'compile' step finished in '2' seconds
INFO: [USF-XSim-3] XSim::Elaborate design
INFO: [USF-XSim-61] Executing 'ELABORATE' step in 'C:/Users/013162916/Documents/labF_v2/labF.sim/sim_1/behav/xsim'
Vivado Simulator 2018.3
Copyright 1986-1999, 2001-2018 Xilinx, Inc. All Rights Reserved.
Running: C:/Xilinx/Vivado/2018.3/bin/unwrapped/win64.o/xelab.exe -wto 5bff64c370db4661bcce053b853bc0db --incr --debug typical --relax --mt 2 -L xil_defaultlib -L unisims_ver -L unimacro_ver -L secureip --snapshot multiple_storage_tb_behav xil_defaultlib.multiple_storage_tb xil_defaultlib.glbl -log elaborate.log 
Using 2 slave threads.
Starting static elaboration
ERROR: [VRFC 10-3180] cannot find port 'Q_d' on this module [C:/Users/013162916/Documents/labF_v2/labF.srcs/sources_1/new/multiple_storage.v:56]
ERROR: [XSIM 43-3322] Static elaboration of top level Verilog design unit(s) in library work failed.
INFO: [USF-XSim-69] 'elaborate' step finished in '2' seconds
INFO: [USF-XSim-99] Step results log file:'C:/Users/013162916/Documents/labF_v2/labF.sim/sim_1/behav/xsim/elaborate.log'
ERROR: [USF-XSim-62] 'elaborate' step failed with error(s). Please check the Tcl console output or 'C:/Users/013162916/Documents/labF_v2/labF.sim/sim_1/behav/xsim/elaborate.log' file for more information.
ERROR: [Vivado 12-4473] Detected error while running simulation. Please correct the issue and retry this operation.
launch_simulation: Time (s): cpu = 00:00:01 ; elapsed = 00:00:05 . Memory (MB): peak = 844.887 ; gain = 0.000
ERROR: [Common 17-39] 'launch_simulation' failed due to earlier errors.
launch_simulation
INFO: [Vivado 12-5682] Launching behavioral simulation in 'C:/Users/013162916/Documents/labF_v2/labF.sim/sim_1/behav/xsim'
INFO: [SIM-utils-51] Simulation object is 'sim_1'
INFO: [SIM-utils-54] Inspecting design source files for 'multiple_storage_tb' in fileset 'sim_1'...
INFO: [USF-XSim-97] Finding global include files...
INFO: [USF-XSim-98] Fetching design files from 'sim_1'...
INFO: [USF-XSim-2] XSim::Compile design
INFO: [USF-XSim-61] Executing 'COMPILE and ANALYZE' step in 'C:/Users/013162916/Documents/labF_v2/labF.sim/sim_1/behav/xsim'
"xvlog --incr --relax -prj multiple_storage_tb_vlog.prj"
INFO: [VRFC 10-2263] Analyzing Verilog file "C:/Users/013162916/Documents/labF_v2/labF.srcs/sources_1/new/multiple_storage.v" into library xil_defaultlib
INFO: [VRFC 10-311] analyzing module gatedlatch
INFO: [VRFC 10-311] analyzing module Positiveedge
INFO: [VRFC 10-311] analyzing module Negativeedge
INFO: [VRFC 10-311] analyzing module multiple_storage
INFO: [VRFC 10-2263] Analyzing Verilog file "C:/Users/013162916/Documents/labF_v2/labF.srcs/sim_1/new/multiple_storage_tb.v" into library xil_defaultlib
INFO: [VRFC 10-311] analyzing module multiple_storage_tb
INFO: [USF-XSim-69] 'compile' step finished in '3' seconds
INFO: [USF-XSim-3] XSim::Elaborate design
INFO: [USF-XSim-61] Executing 'ELABORATE' step in 'C:/Users/013162916/Documents/labF_v2/labF.sim/sim_1/behav/xsim'
Vivado Simulator 2018.3
Copyright 1986-1999, 2001-2018 Xilinx, Inc. All Rights Reserved.
Running: C:/Xilinx/Vivado/2018.3/bin/unwrapped/win64.o/xelab.exe -wto 5bff64c370db4661bcce053b853bc0db --incr --debug typical --relax --mt 2 -L xil_defaultlib -L unisims_ver -L unimacro_ver -L secureip --snapshot multiple_storage_tb_behav xil_defaultlib.multiple_storage_tb xil_defaultlib.glbl -log elaborate.log 
Using 2 slave threads.
Starting static elaboration
Completed static elaboration
Starting simulation data flow analysis
Completed simulation data flow analysis
Time Resolution for simulation is 1ps
Compiling module xil_defaultlib.gatedlatch
Compiling module xil_defaultlib.Positiveedge
Compiling module xil_defaultlib.Negativeedge
Compiling module xil_defaultlib.multiple_storage
Compiling module xil_defaultlib.multiple_storage_tb
Compiling module xil_defaultlib.glbl
Built simulation snapshot multiple_storage_tb_behav
INFO: [USF-XSim-69] 'elaborate' step finished in '3' seconds
INFO: [USF-XSim-4] XSim::Simulate design
INFO: [USF-XSim-61] Executing 'SIMULATE' step in 'C:/Users/013162916/Documents/labF_v2/labF.sim/sim_1/behav/xsim'
INFO: [USF-XSim-98] *** Running xsim
   with args "multiple_storage_tb_behav -key {Behavioral:sim_1:Functional:multiple_storage_tb} -tclbatch {multiple_storage_tb.tcl} -log {simulate.log}"
INFO: [USF-XSim-8] Loading simulator feature
Vivado Simulator 2018.3
Time resolution is 1 ps
source multiple_storage_tb.tcl
# set curr_wave [current_wave_config]
# if { [string length $curr_wave] == 0 } {
#   if { [llength [get_objects]] > 0} {
#     add_wave /
#     set_property needs_save false [current_wave_config]
#   } else {
#      send_msg_id Add_Wave-1 WARNING "No top level signals found. Simulator will start without a wave window. If you want to open a wave window go to 'File->New Waveform Configuration' or type 'create_wave_config' in the TCL console."
#   }
# }
# run 1000ns
INFO: [USF-XSim-96] XSim completed. Design snapshot 'multiple_storage_tb_behav' loaded.
INFO: [USF-XSim-97] XSim simulation ran for 1000ns
launch_simulation: Time (s): cpu = 00:00:02 ; elapsed = 00:00:09 . Memory (MB): peak = 845.398 ; gain = 0.512
close_sim
INFO: [Simtcl 6-16] Simulation closed
launch_simulation
INFO: [Vivado 12-5682] Launching behavioral simulation in 'C:/Users/013162916/Documents/labF_v2/labF.sim/sim_1/behav/xsim'
INFO: [SIM-utils-51] Simulation object is 'sim_1'
INFO: [SIM-utils-54] Inspecting design source files for 'multiple_storage_tb' in fileset 'sim_1'...
INFO: [USF-XSim-97] Finding global include files...
INFO: [USF-XSim-98] Fetching design files from 'sim_1'...
INFO: [USF-XSim-2] XSim::Compile design
INFO: [USF-XSim-61] Executing 'COMPILE and ANALYZE' step in 'C:/Users/013162916/Documents/labF_v2/labF.sim/sim_1/behav/xsim'
"xvlog --incr --relax -prj multiple_storage_tb_vlog.prj"
INFO: [VRFC 10-2263] Analyzing Verilog file "C:/Users/013162916/Documents/labF_v2/labF.srcs/sources_1/new/multiple_storage.v" into library xil_defaultlib
INFO: [VRFC 10-311] analyzing module gatedlatch
INFO: [VRFC 10-311] analyzing module Positiveedge
INFO: [VRFC 10-311] analyzing module Negativeedge
INFO: [VRFC 10-311] analyzing module multiple_storage
INFO: [VRFC 10-2263] Analyzing Verilog file "C:/Users/013162916/Documents/labF_v2/labF.srcs/sim_1/new/multiple_storage_tb.v" into library xil_defaultlib
INFO: [VRFC 10-311] analyzing module multiple_storage_tb
INFO: [USF-XSim-69] 'compile' step finished in '2' seconds
INFO: [USF-XSim-3] XSim::Elaborate design
INFO: [USF-XSim-61] Executing 'ELABORATE' step in 'C:/Users/013162916/Documents/labF_v2/labF.sim/sim_1/behav/xsim'
Vivado Simulator 2018.3
Copyright 1986-1999, 2001-2018 Xilinx, Inc. All Rights Reserved.
Running: C:/Xilinx/Vivado/2018.3/bin/unwrapped/win64.o/xelab.exe -wto 5bff64c370db4661bcce053b853bc0db --incr --debug typical --relax --mt 2 -L xil_defaultlib -L unisims_ver -L unimacro_ver -L secureip --snapshot multiple_storage_tb_behav xil_defaultlib.multiple_storage_tb xil_defaultlib.glbl -log elaborate.log 
Using 2 slave threads.
Starting static elaboration
Completed static elaboration
Starting simulation data flow analysis
Completed simulation data flow analysis
Time Resolution for simulation is 1ps
Compiling module xil_defaultlib.gatedlatch
Compiling module xil_defaultlib.Positiveedge
Compiling module xil_defaultlib.Negativeedge
Compiling module xil_defaultlib.multiple_storage
Compiling module xil_defaultlib.multiple_storage_tb
Compiling module xil_defaultlib.glbl
Built simulation snapshot multiple_storage_tb_behav
INFO: [USF-XSim-69] 'elaborate' step finished in '3' seconds
INFO: [USF-XSim-4] XSim::Simulate design
INFO: [USF-XSim-61] Executing 'SIMULATE' step in 'C:/Users/013162916/Documents/labF_v2/labF.sim/sim_1/behav/xsim'
INFO: [USF-XSim-98] *** Running xsim
   with args "multiple_storage_tb_behav -key {Behavioral:sim_1:Functional:multiple_storage_tb} -tclbatch {multiple_storage_tb.tcl} -log {simulate.log}"
INFO: [USF-XSim-8] Loading simulator feature
Vivado Simulator 2018.3
Time resolution is 1 ps
source multiple_storage_tb.tcl
# set curr_wave [current_wave_config]
# if { [string length $curr_wave] == 0 } {
#   if { [llength [get_objects]] > 0} {
#     add_wave /
#     set_property needs_save false [current_wave_config]
#   } else {
#      send_msg_id Add_Wave-1 WARNING "No top level signals found. Simulator will start without a wave window. If you want to open a wave window go to 'File->New Waveform Configuration' or type 'create_wave_config' in the TCL console."
#   }
# }
# run 1000ns
INFO: [USF-XSim-96] XSim completed. Design snapshot 'multiple_storage_tb_behav' loaded.
INFO: [USF-XSim-97] XSim simulation ran for 1000ns
launch_simulation: Time (s): cpu = 00:00:04 ; elapsed = 00:00:09 . Memory (MB): peak = 850.883 ; gain = 0.000
close_sim
INFO: [Simtcl 6-16] Simulation closed
launch_simulation
INFO: [Vivado 12-5682] Launching behavioral simulation in 'C:/Users/013162916/Documents/labF_v2/labF.sim/sim_1/behav/xsim'
INFO: [SIM-utils-51] Simulation object is 'sim_1'
INFO: [SIM-utils-54] Inspecting design source files for 'multiple_storage_tb' in fileset 'sim_1'...
INFO: [USF-XSim-97] Finding global include files...
INFO: [USF-XSim-98] Fetching design files from 'sim_1'...
INFO: [USF-XSim-2] XSim::Compile design
INFO: [USF-XSim-61] Executing 'COMPILE and ANALYZE' step in 'C:/Users/013162916/Documents/labF_v2/labF.sim/sim_1/behav/xsim'
"xvlog --incr --relax -prj multiple_storage_tb_vlog.prj"
INFO: [VRFC 10-2263] Analyzing Verilog file "C:/Users/013162916/Documents/labF_v2/labF.srcs/sources_1/new/multiple_storage.v" into library xil_defaultlib
INFO: [VRFC 10-311] analyzing module gatedlatch
INFO: [VRFC 10-311] analyzing module Positiveedge
INFO: [VRFC 10-311] analyzing module Negativeedge
INFO: [VRFC 10-311] analyzing module multiple_storage
INFO: [VRFC 10-2263] Analyzing Verilog file "C:/Users/013162916/Documents/labF_v2/labF.srcs/sim_1/new/multiple_storage_tb.v" into library xil_defaultlib
INFO: [VRFC 10-311] analyzing module multiple_storage_tb
INFO: [USF-XSim-69] 'compile' step finished in '3' seconds
INFO: [USF-XSim-3] XSim::Elaborate design
INFO: [USF-XSim-61] Executing 'ELABORATE' step in 'C:/Users/013162916/Documents/labF_v2/labF.sim/sim_1/behav/xsim'
Vivado Simulator 2018.3
Copyright 1986-1999, 2001-2018 Xilinx, Inc. All Rights Reserved.
Running: C:/Xilinx/Vivado/2018.3/bin/unwrapped/win64.o/xelab.exe -wto 5bff64c370db4661bcce053b853bc0db --incr --debug typical --relax --mt 2 -L xil_defaultlib -L unisims_ver -L unimacro_ver -L secureip --snapshot multiple_storage_tb_behav xil_defaultlib.multiple_storage_tb xil_defaultlib.glbl -log elaborate.log 
Using 2 slave threads.
Starting static elaboration
Completed static elaboration
Starting simulation data flow analysis
Completed simulation data flow analysis
Time Resolution for simulation is 1ps
Compiling module xil_defaultlib.gatedlatch
Compiling module xil_defaultlib.Positiveedge
Compiling module xil_defaultlib.Negativeedge
Compiling module xil_defaultlib.multiple_storage
Compiling module xil_defaultlib.multiple_storage_tb
Compiling module xil_defaultlib.glbl
Built simulation snapshot multiple_storage_tb_behav
INFO: [USF-XSim-69] 'elaborate' step finished in '3' seconds
INFO: [USF-XSim-4] XSim::Simulate design
INFO: [USF-XSim-61] Executing 'SIMULATE' step in 'C:/Users/013162916/Documents/labF_v2/labF.sim/sim_1/behav/xsim'
INFO: [USF-XSim-98] *** Running xsim
   with args "multiple_storage_tb_behav -key {Behavioral:sim_1:Functional:multiple_storage_tb} -tclbatch {multiple_storage_tb.tcl} -log {simulate.log}"
INFO: [USF-XSim-8] Loading simulator feature
Vivado Simulator 2018.3
Time resolution is 1 ps
source multiple_storage_tb.tcl
# set curr_wave [current_wave_config]
# if { [string length $curr_wave] == 0 } {
#   if { [llength [get_objects]] > 0} {
#     add_wave /
#     set_property needs_save false [current_wave_config]
#   } else {
#      send_msg_id Add_Wave-1 WARNING "No top level signals found. Simulator will start without a wave window. If you want to open a wave window go to 'File->New Waveform Configuration' or type 'create_wave_config' in the TCL console."
#   }
# }
# run 1000ns
INFO: [USF-XSim-96] XSim completed. Design snapshot 'multiple_storage_tb_behav' loaded.
INFO: [USF-XSim-97] XSim simulation ran for 1000ns
launch_simulation: Time (s): cpu = 00:00:05 ; elapsed = 00:00:09 . Memory (MB): peak = 850.887 ; gain = 0.004
close_sim
INFO: [Simtcl 6-16] Simulation closed
launch_simulation
INFO: [Vivado 12-5682] Launching behavioral simulation in 'C:/Users/013162916/Documents/labF_v2/labF.sim/sim_1/behav/xsim'
INFO: [SIM-utils-51] Simulation object is 'sim_1'
INFO: [SIM-utils-54] Inspecting design source files for 'multiple_storage_tb' in fileset 'sim_1'...
INFO: [USF-XSim-97] Finding global include files...
INFO: [USF-XSim-98] Fetching design files from 'sim_1'...
INFO: [USF-XSim-2] XSim::Compile design
INFO: [USF-XSim-61] Executing 'COMPILE and ANALYZE' step in 'C:/Users/013162916/Documents/labF_v2/labF.sim/sim_1/behav/xsim'
"xvlog --incr --relax -prj multiple_storage_tb_vlog.prj"
INFO: [VRFC 10-2263] Analyzing Verilog file "C:/Users/013162916/Documents/labF_v2/labF.srcs/sources_1/new/latch_d.v" into library xil_defaultlib
INFO: [VRFC 10-311] analyzing module latch_d
INFO: [VRFC 10-2263] Analyzing Verilog file "C:/Users/013162916/Documents/labF_v2/labF.srcs/sources_1/new/multiple_storage.v" into library xil_defaultlib
INFO: [VRFC 10-311] analyzing module Positiveedge
INFO: [VRFC 10-311] analyzing module Negativeedge
INFO: [VRFC 10-311] analyzing module multiple_storage
INFO: [VRFC 10-2263] Analyzing Verilog file "C:/Users/013162916/Documents/labF_v2/labF.srcs/sim_1/new/multiple_storage_tb.v" into library xil_defaultlib
INFO: [VRFC 10-311] analyzing module multiple_storage_tb
INFO: [USF-XSim-69] 'compile' step finished in '3' seconds
INFO: [USF-XSim-3] XSim::Elaborate design
INFO: [USF-XSim-61] Executing 'ELABORATE' step in 'C:/Users/013162916/Documents/labF_v2/labF.sim/sim_1/behav/xsim'
Vivado Simulator 2018.3
Copyright 1986-1999, 2001-2018 Xilinx, Inc. All Rights Reserved.
Running: C:/Xilinx/Vivado/2018.3/bin/unwrapped/win64.o/xelab.exe -wto 5bff64c370db4661bcce053b853bc0db --incr --debug typical --relax --mt 2 -L xil_defaultlib -L unisims_ver -L unimacro_ver -L secureip --snapshot multiple_storage_tb_behav xil_defaultlib.multiple_storage_tb xil_defaultlib.glbl -log elaborate.log 
Using 2 slave threads.
Starting static elaboration
ERROR: [VRFC 10-3180] cannot find port 'Qd' on this module [C:/Users/013162916/Documents/labF_v2/labF.srcs/sources_1/new/multiple_storage.v:46]
ERROR: [XSIM 43-3322] Static elaboration of top level Verilog design unit(s) in library work failed.
INFO: [USF-XSim-69] 'elaborate' step finished in '2' seconds
INFO: [USF-XSim-99] Step results log file:'C:/Users/013162916/Documents/labF_v2/labF.sim/sim_1/behav/xsim/elaborate.log'
ERROR: [USF-XSim-62] 'elaborate' step failed with error(s). Please check the Tcl console output or 'C:/Users/013162916/Documents/labF_v2/labF.sim/sim_1/behav/xsim/elaborate.log' file for more information.
ERROR: [Vivado 12-4473] Detected error while running simulation. Please correct the issue and retry this operation.
launch_simulation: Time (s): cpu = 00:00:01 ; elapsed = 00:00:06 . Memory (MB): peak = 853.652 ; gain = 0.000
ERROR: [Common 17-39] 'launch_simulation' failed due to earlier errors.
update_compile_order -fileset sources_1
launch_simulation
INFO: [Vivado 12-5682] Launching behavioral simulation in 'C:/Users/013162916/Documents/labF_v2/labF.sim/sim_1/behav/xsim'
INFO: [SIM-utils-51] Simulation object is 'sim_1'
INFO: [SIM-utils-54] Inspecting design source files for 'multiple_storage_tb' in fileset 'sim_1'...
INFO: [USF-XSim-97] Finding global include files...
INFO: [USF-XSim-98] Fetching design files from 'sim_1'...
INFO: [USF-XSim-2] XSim::Compile design
INFO: [USF-XSim-61] Executing 'COMPILE and ANALYZE' step in 'C:/Users/013162916/Documents/labF_v2/labF.sim/sim_1/behav/xsim'
"xvlog --incr --relax -prj multiple_storage_tb_vlog.prj"
INFO: [USF-XSim-69] 'compile' step finished in '3' seconds
INFO: [USF-XSim-3] XSim::Elaborate design
INFO: [USF-XSim-61] Executing 'ELABORATE' step in 'C:/Users/013162916/Documents/labF_v2/labF.sim/sim_1/behav/xsim'
Vivado Simulator 2018.3
Copyright 1986-1999, 2001-2018 Xilinx, Inc. All Rights Reserved.
Running: C:/Xilinx/Vivado/2018.3/bin/unwrapped/win64.o/xelab.exe -wto 5bff64c370db4661bcce053b853bc0db --incr --debug typical --relax --mt 2 -L xil_defaultlib -L unisims_ver -L unimacro_ver -L secureip --snapshot multiple_storage_tb_behav xil_defaultlib.multiple_storage_tb xil_defaultlib.glbl -log elaborate.log 
Using 2 slave threads.
Starting static elaboration
ERROR: [VRFC 10-3180] cannot find port 'Qd' on this module [C:/Users/013162916/Documents/labF_v2/labF.srcs/sources_1/new/multiple_storage.v:46]
ERROR: [XSIM 43-3322] Static elaboration of top level Verilog design unit(s) in library work failed.
INFO: [USF-XSim-69] 'elaborate' step finished in '2' seconds
INFO: [USF-XSim-99] Step results log file:'C:/Users/013162916/Documents/labF_v2/labF.sim/sim_1/behav/xsim/elaborate.log'
ERROR: [USF-XSim-62] 'elaborate' step failed with error(s). Please check the Tcl console output or 'C:/Users/013162916/Documents/labF_v2/labF.sim/sim_1/behav/xsim/elaborate.log' file for more information.
ERROR: [Vivado 12-4473] Detected error while running simulation. Please correct the issue and retry this operation.
launch_simulation: Time (s): cpu = 00:00:01 ; elapsed = 00:00:05 . Memory (MB): peak = 917.840 ; gain = 0.000
ERROR: [Common 17-39] 'launch_simulation' failed due to earlier errors.
launch_simulation
INFO: [Vivado 12-5682] Launching behavioral simulation in 'C:/Users/013162916/Documents/labF_v2/labF.sim/sim_1/behav/xsim'
INFO: [SIM-utils-51] Simulation object is 'sim_1'
INFO: [SIM-utils-54] Inspecting design source files for 'multiple_storage_tb' in fileset 'sim_1'...
INFO: [USF-XSim-97] Finding global include files...
INFO: [USF-XSim-98] Fetching design files from 'sim_1'...
INFO: [USF-XSim-2] XSim::Compile design
INFO: [USF-XSim-61] Executing 'COMPILE and ANALYZE' step in 'C:/Users/013162916/Documents/labF_v2/labF.sim/sim_1/behav/xsim'
"xvlog --incr --relax -prj multiple_storage_tb_vlog.prj"
INFO: [VRFC 10-2263] Analyzing Verilog file "C:/Users/013162916/Documents/labF_v2/labF.srcs/sources_1/new/latch_d.v" into library xil_defaultlib
INFO: [VRFC 10-311] analyzing module latch_d
INFO: [VRFC 10-2263] Analyzing Verilog file "C:/Users/013162916/Documents/labF_v2/labF.srcs/sources_1/new/multiple_storage.v" into library xil_defaultlib
INFO: [VRFC 10-311] analyzing module Positiveedge
INFO: [VRFC 10-311] analyzing module Negativeedge
INFO: [VRFC 10-311] analyzing module multiple_storage
INFO: [VRFC 10-2263] Analyzing Verilog file "C:/Users/013162916/Documents/labF_v2/labF.srcs/sim_1/new/multiple_storage_tb.v" into library xil_defaultlib
INFO: [VRFC 10-311] analyzing module multiple_storage_tb
INFO: [USF-XSim-69] 'compile' step finished in '2' seconds
INFO: [USF-XSim-3] XSim::Elaborate design
INFO: [USF-XSim-61] Executing 'ELABORATE' step in 'C:/Users/013162916/Documents/labF_v2/labF.sim/sim_1/behav/xsim'
Vivado Simulator 2018.3
Copyright 1986-1999, 2001-2018 Xilinx, Inc. All Rights Reserved.
Running: C:/Xilinx/Vivado/2018.3/bin/unwrapped/win64.o/xelab.exe -wto 5bff64c370db4661bcce053b853bc0db --incr --debug typical --relax --mt 2 -L xil_defaultlib -L unisims_ver -L unimacro_ver -L secureip --snapshot multiple_storage_tb_behav xil_defaultlib.multiple_storage_tb xil_defaultlib.glbl -log elaborate.log 
Using 2 slave threads.
Starting static elaboration
ERROR: [VRFC 10-3180] cannot find port 'Qd' on this module [C:/Users/013162916/Documents/labF_v2/labF.srcs/sources_1/new/multiple_storage.v:46]
ERROR: [XSIM 43-3322] Static elaboration of top level Verilog design unit(s) in library work failed.
INFO: [USF-XSim-69] 'elaborate' step finished in '3' seconds
INFO: [USF-XSim-99] Step results log file:'C:/Users/013162916/Documents/labF_v2/labF.sim/sim_1/behav/xsim/elaborate.log'
ERROR: [USF-XSim-62] 'elaborate' step failed with error(s). Please check the Tcl console output or 'C:/Users/013162916/Documents/labF_v2/labF.sim/sim_1/behav/xsim/elaborate.log' file for more information.
ERROR: [Vivado 12-4473] Detected error while running simulation. Please correct the issue and retry this operation.
launch_simulation: Time (s): cpu = 00:00:01 ; elapsed = 00:00:07 . Memory (MB): peak = 917.840 ; gain = 0.000
ERROR: [Common 17-39] 'launch_simulation' failed due to earlier errors.
update_compile_order -fileset sources_1
update_compile_order -fileset sources_1
launch_simulation
INFO: [Vivado 12-5682] Launching behavioral simulation in 'C:/Users/013162916/Documents/labF_v2/labF.sim/sim_1/behav/xsim'
INFO: [SIM-utils-51] Simulation object is 'sim_1'
INFO: [SIM-utils-54] Inspecting design source files for 'multiple_storage_tb' in fileset 'sim_1'...
INFO: [USF-XSim-97] Finding global include files...
INFO: [USF-XSim-98] Fetching design files from 'sim_1'...
INFO: [USF-XSim-2] XSim::Compile design
INFO: [USF-XSim-61] Executing 'COMPILE and ANALYZE' step in 'C:/Users/013162916/Documents/labF_v2/labF.sim/sim_1/behav/xsim'
"xvlog --incr --relax -prj multiple_storage_tb_vlog.prj"
INFO: [VRFC 10-2263] Analyzing Verilog file "C:/Users/013162916/Documents/labF_v2/labF.srcs/sources_1/new/latch_d.v" into library xil_defaultlib
INFO: [VRFC 10-311] analyzing module latch_d
INFO: [VRFC 10-2263] Analyzing Verilog file "C:/Users/013162916/Documents/labF_v2/labF.srcs/sources_1/new/multiple_storage.v" into library xil_defaultlib
INFO: [VRFC 10-311] analyzing module Positiveedge
INFO: [VRFC 10-311] analyzing module Negativeedge
INFO: [VRFC 10-311] analyzing module multiple_storage
INFO: [VRFC 10-2263] Analyzing Verilog file "C:/Users/013162916/Documents/labF_v2/labF.srcs/sim_1/new/multiple_storage_tb.v" into library xil_defaultlib
INFO: [VRFC 10-311] analyzing module multiple_storage_tb
INFO: [USF-XSim-69] 'compile' step finished in '3' seconds
INFO: [USF-XSim-3] XSim::Elaborate design
INFO: [USF-XSim-61] Executing 'ELABORATE' step in 'C:/Users/013162916/Documents/labF_v2/labF.sim/sim_1/behav/xsim'
Vivado Simulator 2018.3
Copyright 1986-1999, 2001-2018 Xilinx, Inc. All Rights Reserved.
Running: C:/Xilinx/Vivado/2018.3/bin/unwrapped/win64.o/xelab.exe -wto 5bff64c370db4661bcce053b853bc0db --incr --debug typical --relax --mt 2 -L xil_defaultlib -L unisims_ver -L unimacro_ver -L secureip --snapshot multiple_storage_tb_behav xil_defaultlib.multiple_storage_tb xil_defaultlib.glbl -log elaborate.log 
Using 2 slave threads.
Starting static elaboration
Completed static elaboration
Starting simulation data flow analysis
Completed simulation data flow analysis
Time Resolution for simulation is 1ps
Compiling module xil_defaultlib.latch_d
Compiling module xil_defaultlib.Positiveedge
Compiling module xil_defaultlib.Negativeedge
Compiling module xil_defaultlib.multiple_storage
Compiling module xil_defaultlib.multiple_storage_tb
Compiling module xil_defaultlib.glbl
Built simulation snapshot multiple_storage_tb_behav
INFO: [USF-XSim-69] 'elaborate' step finished in '3' seconds
INFO: [USF-XSim-4] XSim::Simulate design
INFO: [USF-XSim-61] Executing 'SIMULATE' step in 'C:/Users/013162916/Documents/labF_v2/labF.sim/sim_1/behav/xsim'
INFO: [USF-XSim-98] *** Running xsim
   with args "multiple_storage_tb_behav -key {Behavioral:sim_1:Functional:multiple_storage_tb} -tclbatch {multiple_storage_tb.tcl} -log {simulate.log}"
INFO: [USF-XSim-8] Loading simulator feature
Vivado Simulator 2018.3
Time resolution is 1 ps
source multiple_storage_tb.tcl
# set curr_wave [current_wave_config]
# if { [string length $curr_wave] == 0 } {
#   if { [llength [get_objects]] > 0} {
#     add_wave /
#     set_property needs_save false [current_wave_config]
#   } else {
#      send_msg_id Add_Wave-1 WARNING "No top level signals found. Simulator will start without a wave window. If you want to open a wave window go to 'File->New Waveform Configuration' or type 'create_wave_config' in the TCL console."
#   }
# }
# run 1000ns
INFO: [USF-XSim-96] XSim completed. Design snapshot 'multiple_storage_tb_behav' loaded.
INFO: [USF-XSim-97] XSim simulation ran for 1000ns
launch_simulation: Time (s): cpu = 00:00:03 ; elapsed = 00:00:09 . Memory (MB): peak = 925.383 ; gain = 7.543
close_sim
INFO: [Simtcl 6-16] Simulation closed
synth_design -rtl -name rtl_1
Command: synth_design -rtl -name rtl_1
Starting synth_design
Using part: xc7a100tcsg324-1
Top: multiple_storage
---------------------------------------------------------------------------------
Starting RTL Elaboration : Time (s): cpu = 00:00:02 ; elapsed = 00:00:03 . Memory (MB): peak = 1000.613 ; gain = 75.230
---------------------------------------------------------------------------------
INFO: [Synth 8-6157] synthesizing module 'multiple_storage' [C:/Users/013162916/Documents/labF_v2/labF.srcs/sources_1/new/multiple_storage.v:41]
INFO: [Synth 8-6157] synthesizing module 'latch_d' [C:/Users/013162916/Documents/labF_v2/labF.srcs/sources_1/new/latch_d.v:23]
INFO: [Synth 8-6155] done synthesizing module 'latch_d' (1#1) [C:/Users/013162916/Documents/labF_v2/labF.srcs/sources_1/new/latch_d.v:23]
INFO: [Synth 8-6157] synthesizing module 'Positiveedge' [C:/Users/013162916/Documents/labF_v2/labF.srcs/sources_1/new/multiple_storage.v:22]
INFO: [Synth 8-6155] done synthesizing module 'Positiveedge' (2#1) [C:/Users/013162916/Documents/labF_v2/labF.srcs/sources_1/new/multiple_storage.v:22]
INFO: [Synth 8-6157] synthesizing module 'Negativeedge' [C:/Users/013162916/Documents/labF_v2/labF.srcs/sources_1/new/multiple_storage.v:32]
INFO: [Synth 8-6155] done synthesizing module 'Negativeedge' (3#1) [C:/Users/013162916/Documents/labF_v2/labF.srcs/sources_1/new/multiple_storage.v:32]
INFO: [Synth 8-6155] done synthesizing module 'multiple_storage' (4#1) [C:/Users/013162916/Documents/labF_v2/labF.srcs/sources_1/new/multiple_storage.v:41]
---------------------------------------------------------------------------------
Finished RTL Elaboration : Time (s): cpu = 00:00:03 ; elapsed = 00:00:05 . Memory (MB): peak = 1042.504 ; gain = 117.121
---------------------------------------------------------------------------------

Report Check Netlist: 
+------+------------------+-------+---------+-------+------------------+
|      |Item              |Errors |Warnings |Status |Description       |
+------+------------------+-------+---------+-------+------------------+
|1     |multi_driven_nets |      0|        0|Passed |Multi driven nets |
+------+------------------+-------+---------+-------+------------------+
---------------------------------------------------------------------------------
Start Handling Custom Attributes
---------------------------------------------------------------------------------
---------------------------------------------------------------------------------
Finished Handling Custom Attributes : Time (s): cpu = 00:00:03 ; elapsed = 00:00:05 . Memory (MB): peak = 1042.504 ; gain = 117.121
---------------------------------------------------------------------------------
---------------------------------------------------------------------------------
Finished RTL Optimization Phase 1 : Time (s): cpu = 00:00:03 ; elapsed = 00:00:05 . Memory (MB): peak = 1042.504 ; gain = 117.121
---------------------------------------------------------------------------------
INFO: [Device 21-403] Loading part xc7a100tcsg324-1
INFO: [Project 1-570] Preparing netlist for logic optimization

Processing XDC Constraints
Initializing timing engine
Parsing XDC File [C:/Users/013162916/Documents/labF_v2/labF.srcs/constrs_1/new/latches_d_constraints.xdc]
WARNING: [Vivado 12-584] No ports matched 'Q_d'. [C:/Users/013162916/Documents/labF_v2/labF.srcs/constrs_1/new/latches_d_constraints.xdc:13]
CRITICAL WARNING: [Common 17-55] 'set_property' expects at least one object. [C:/Users/013162916/Documents/labF_v2/labF.srcs/constrs_1/new/latches_d_constraints.xdc:13]
Resolution: If [get_<value>] was used to populate the object, check to make sure this command returns at least one valid object.
Finished Parsing XDC File [C:/Users/013162916/Documents/labF_v2/labF.srcs/constrs_1/new/latches_d_constraints.xdc]
INFO: [Project 1-236] Implementation specific constraints were found while reading constraint file [C:/Users/013162916/Documents/labF_v2/labF.srcs/constrs_1/new/latches_d_constraints.xdc]. These constraints will be ignored for synthesis but will be used in implementation. Impacted constraints are listed in the file [.Xil/multiple_storage_propImpl.xdc].
Resolution: To avoid this warning, move constraints listed in [.Xil/multiple_storage_propImpl.xdc] to another XDC file and exclude this new file from synthesis with the used_in_synthesis property (File Properties dialog in GUI) and re-run elaboration/synthesis.
Netlist sorting complete. Time (s): cpu = 00:00:00 ; elapsed = 00:00:00 . Memory (MB): peak = 1381.254 ; gain = 0.000
Completed Processing XDC Constraints

INFO: [Opt 31-138] Pushed 0 inverter(s) to 0 load pin(s).
Netlist sorting complete. Time (s): cpu = 00:00:00 ; elapsed = 00:00:00 . Memory (MB): peak = 1381.254 ; gain = 0.000
INFO: [Project 1-111] Unisim Transformation Summary:
No Unisim elements were transformed.

RTL Elaboration Complete:  : Time (s): cpu = 00:00:24 ; elapsed = 00:00:24 . Memory (MB): peak = 1409.426 ; gain = 484.043
13 Infos, 1 Warnings, 1 Critical Warnings and 0 Errors encountered.
synth_design completed successfully
synth_design: Time (s): cpu = 00:00:24 ; elapsed = 00:00:24 . Memory (MB): peak = 1409.426 ; gain = 484.043
close_design
close [ open C:/Users/013162916/Documents/labF_v2/labF.srcs/constrs_1/new/multiple_storage_constraints.xdc w ]
add_files -fileset constrs_1 C:/Users/013162916/Documents/labF_v2/labF.srcs/constrs_1/new/multiple_storage_constraints.xdc
synth_design -rtl -name rtl_1
Command: synth_design -rtl -name rtl_1
Starting synth_design
Using part: xc7a100tcsg324-1
Top: multiple_storage
---------------------------------------------------------------------------------
Starting RTL Elaboration : Time (s): cpu = 00:00:03 ; elapsed = 00:00:03 . Memory (MB): peak = 1411.457 ; gain = 0.000
---------------------------------------------------------------------------------
INFO: [Synth 8-6157] synthesizing module 'multiple_storage' [C:/Users/013162916/Documents/labF_v2/labF.srcs/sources_1/new/multiple_storage.v:41]
INFO: [Synth 8-6157] synthesizing module 'latch_d' [C:/Users/013162916/Documents/labF_v2/labF.srcs/sources_1/new/latch_d.v:23]
INFO: [Synth 8-6155] done synthesizing module 'latch_d' (1#1) [C:/Users/013162916/Documents/labF_v2/labF.srcs/sources_1/new/latch_d.v:23]
INFO: [Synth 8-6157] synthesizing module 'Positiveedge' [C:/Users/013162916/Documents/labF_v2/labF.srcs/sources_1/new/multiple_storage.v:22]
INFO: [Synth 8-6155] done synthesizing module 'Positiveedge' (2#1) [C:/Users/013162916/Documents/labF_v2/labF.srcs/sources_1/new/multiple_storage.v:22]
INFO: [Synth 8-6157] synthesizing module 'Negativeedge' [C:/Users/013162916/Documents/labF_v2/labF.srcs/sources_1/new/multiple_storage.v:32]
INFO: [Synth 8-6155] done synthesizing module 'Negativeedge' (3#1) [C:/Users/013162916/Documents/labF_v2/labF.srcs/sources_1/new/multiple_storage.v:32]
INFO: [Synth 8-6155] done synthesizing module 'multiple_storage' (4#1) [C:/Users/013162916/Documents/labF_v2/labF.srcs/sources_1/new/multiple_storage.v:41]
---------------------------------------------------------------------------------
Finished RTL Elaboration : Time (s): cpu = 00:00:04 ; elapsed = 00:00:04 . Memory (MB): peak = 1411.457 ; gain = 0.000
---------------------------------------------------------------------------------

Report Check Netlist: 
+------+------------------+-------+---------+-------+------------------+
|      |Item              |Errors |Warnings |Status |Description       |
+------+------------------+-------+---------+-------+------------------+
|1     |multi_driven_nets |      0|        0|Passed |Multi driven nets |
+------+------------------+-------+---------+-------+------------------+
---------------------------------------------------------------------------------
Start Handling Custom Attributes
---------------------------------------------------------------------------------
---------------------------------------------------------------------------------
Finished Handling Custom Attributes : Time (s): cpu = 00:00:04 ; elapsed = 00:00:04 . Memory (MB): peak = 1411.457 ; gain = 0.000
---------------------------------------------------------------------------------
---------------------------------------------------------------------------------
Finished RTL Optimization Phase 1 : Time (s): cpu = 00:00:04 ; elapsed = 00:00:04 . Memory (MB): peak = 1411.457 ; gain = 0.000
---------------------------------------------------------------------------------
INFO: [Project 1-570] Preparing netlist for logic optimization

Processing XDC Constraints
Initializing timing engine
Parsing XDC File [C:/Users/013162916/Documents/labF_v2/labF.srcs/constrs_1/new/latches_d_constraints.xdc]
WARNING: [Vivado 12-584] No ports matched 'Q_d'. [C:/Users/013162916/Documents/labF_v2/labF.srcs/constrs_1/new/latches_d_constraints.xdc:13]
CRITICAL WARNING: [Common 17-55] 'set_property' expects at least one object. [C:/Users/013162916/Documents/labF_v2/labF.srcs/constrs_1/new/latches_d_constraints.xdc:13]
Resolution: If [get_<value>] was used to populate the object, check to make sure this command returns at least one valid object.
Finished Parsing XDC File [C:/Users/013162916/Documents/labF_v2/labF.srcs/constrs_1/new/latches_d_constraints.xdc]
INFO: [Project 1-236] Implementation specific constraints were found while reading constraint file [C:/Users/013162916/Documents/labF_v2/labF.srcs/constrs_1/new/latches_d_constraints.xdc]. These constraints will be ignored for synthesis but will be used in implementation. Impacted constraints are listed in the file [.Xil/multiple_storage_propImpl.xdc].
Resolution: To avoid this warning, move constraints listed in [.Xil/multiple_storage_propImpl.xdc] to another XDC file and exclude this new file from synthesis with the used_in_synthesis property (File Properties dialog in GUI) and re-run elaboration/synthesis.
Parsing XDC File [C:/Users/013162916/Documents/labF_v2/labF.srcs/constrs_1/new/multiple_storage_constraints.xdc]
Finished Parsing XDC File [C:/Users/013162916/Documents/labF_v2/labF.srcs/constrs_1/new/multiple_storage_constraints.xdc]
INFO: [Project 1-236] Implementation specific constraints were found while reading constraint file [C:/Users/013162916/Documents/labF_v2/labF.srcs/constrs_1/new/multiple_storage_constraints.xdc]. These constraints will be ignored for synthesis but will be used in implementation. Impacted constraints are listed in the file [.Xil/multiple_storage_propImpl.xdc].
Resolution: To avoid this warning, move constraints listed in [.Xil/multiple_storage_propImpl.xdc] to another XDC file and exclude this new file from synthesis with the used_in_synthesis property (File Properties dialog in GUI) and re-run elaboration/synthesis.
Netlist sorting complete. Time (s): cpu = 00:00:00 ; elapsed = 00:00:00.001 . Memory (MB): peak = 1411.457 ; gain = 0.000
Completed Processing XDC Constraints

INFO: [Opt 31-138] Pushed 0 inverter(s) to 0 load pin(s).
Netlist sorting complete. Time (s): cpu = 00:00:00 ; elapsed = 00:00:00 . Memory (MB): peak = 1411.457 ; gain = 0.000
INFO: [Project 1-111] Unisim Transformation Summary:
No Unisim elements were transformed.

RTL Elaboration Complete:  : Time (s): cpu = 00:00:12 ; elapsed = 00:00:10 . Memory (MB): peak = 1411.457 ; gain = 0.000
13 Infos, 1 Warnings, 1 Critical Warnings and 0 Errors encountered.
synth_design completed successfully
synth_design: Time (s): cpu = 00:00:12 ; elapsed = 00:00:10 . Memory (MB): peak = 1411.457 ; gain = 0.000
close_design
set_property is_enabled false [get_files  C:/Users/013162916/Documents/labF_v2/labF.srcs/constrs_1/new/latches_d_constraints.xdc]
synth_design -rtl -name rtl_1
Command: synth_design -rtl -name rtl_1
Starting synth_design
Using part: xc7a100tcsg324-1
Top: multiple_storage
---------------------------------------------------------------------------------
Starting RTL Elaboration : Time (s): cpu = 00:00:03 ; elapsed = 00:00:03 . Memory (MB): peak = 1451.922 ; gain = 0.000
---------------------------------------------------------------------------------
INFO: [Synth 8-6157] synthesizing module 'multiple_storage' [C:/Users/013162916/Documents/labF_v2/labF.srcs/sources_1/new/multiple_storage.v:41]
INFO: [Synth 8-6157] synthesizing module 'latch_d' [C:/Users/013162916/Documents/labF_v2/labF.srcs/sources_1/new/latch_d.v:23]
INFO: [Synth 8-6155] done synthesizing module 'latch_d' (1#1) [C:/Users/013162916/Documents/labF_v2/labF.srcs/sources_1/new/latch_d.v:23]
INFO: [Synth 8-6157] synthesizing module 'Positiveedge' [C:/Users/013162916/Documents/labF_v2/labF.srcs/sources_1/new/multiple_storage.v:22]
INFO: [Synth 8-6155] done synthesizing module 'Positiveedge' (2#1) [C:/Users/013162916/Documents/labF_v2/labF.srcs/sources_1/new/multiple_storage.v:22]
INFO: [Synth 8-6157] synthesizing module 'Negativeedge' [C:/Users/013162916/Documents/labF_v2/labF.srcs/sources_1/new/multiple_storage.v:32]
INFO: [Synth 8-6155] done synthesizing module 'Negativeedge' (3#1) [C:/Users/013162916/Documents/labF_v2/labF.srcs/sources_1/new/multiple_storage.v:32]
INFO: [Synth 8-6155] done synthesizing module 'multiple_storage' (4#1) [C:/Users/013162916/Documents/labF_v2/labF.srcs/sources_1/new/multiple_storage.v:41]
---------------------------------------------------------------------------------
Finished RTL Elaboration : Time (s): cpu = 00:00:03 ; elapsed = 00:00:04 . Memory (MB): peak = 1451.922 ; gain = 0.000
---------------------------------------------------------------------------------

Report Check Netlist: 
+------+------------------+-------+---------+-------+------------------+
|      |Item              |Errors |Warnings |Status |Description       |
+------+------------------+-------+---------+-------+------------------+
|1     |multi_driven_nets |      0|        0|Passed |Multi driven nets |
+------+------------------+-------+---------+-------+------------------+
---------------------------------------------------------------------------------
Start Handling Custom Attributes
---------------------------------------------------------------------------------
---------------------------------------------------------------------------------
Finished Handling Custom Attributes : Time (s): cpu = 00:00:04 ; elapsed = 00:00:04 . Memory (MB): peak = 1451.922 ; gain = 0.000
---------------------------------------------------------------------------------
---------------------------------------------------------------------------------
Finished RTL Optimization Phase 1 : Time (s): cpu = 00:00:04 ; elapsed = 00:00:04 . Memory (MB): peak = 1451.922 ; gain = 0.000
---------------------------------------------------------------------------------
INFO: [Project 1-570] Preparing netlist for logic optimization

Processing XDC Constraints
Initializing timing engine
Parsing XDC File [C:/Users/013162916/Documents/labF_v2/labF.srcs/constrs_1/new/multiple_storage_constraints.xdc]
Finished Parsing XDC File [C:/Users/013162916/Documents/labF_v2/labF.srcs/constrs_1/new/multiple_storage_constraints.xdc]
INFO: [Project 1-236] Implementation specific constraints were found while reading constraint file [C:/Users/013162916/Documents/labF_v2/labF.srcs/constrs_1/new/multiple_storage_constraints.xdc]. These constraints will be ignored for synthesis but will be used in implementation. Impacted constraints are listed in the file [.Xil/multiple_storage_propImpl.xdc].
Resolution: To avoid this warning, move constraints listed in [.Xil/multiple_storage_propImpl.xdc] to another XDC file and exclude this new file from synthesis with the used_in_synthesis property (File Properties dialog in GUI) and re-run elaboration/synthesis.
Netlist sorting complete. Time (s): cpu = 00:00:00 ; elapsed = 00:00:00 . Memory (MB): peak = 1488.617 ; gain = 0.000
WARNING: [Constraints 18-5210] No constraints selected for write.
Resolution: This message can indicate that there are no constraints for the design, or it can indicate that the used_in flags are set such that the constraints are ignored. This later case is used when running synth_design to not write synthesis constraints to the resulting checkpoint. Instead, project constraints are read when the synthesized design is opened.
Completed Processing XDC Constraints

INFO: [Opt 31-138] Pushed 0 inverter(s) to 0 load pin(s).
Netlist sorting complete. Time (s): cpu = 00:00:00 ; elapsed = 00:00:00 . Memory (MB): peak = 1488.617 ; gain = 0.000
INFO: [Project 1-111] Unisim Transformation Summary:
No Unisim elements were transformed.

RTL Elaboration Complete:  : Time (s): cpu = 00:00:10 ; elapsed = 00:00:09 . Memory (MB): peak = 1488.617 ; gain = 36.695
12 Infos, 1 Warnings, 0 Critical Warnings and 0 Errors encountered.
synth_design completed successfully
synth_design: Time (s): cpu = 00:00:10 ; elapsed = 00:00:09 . Memory (MB): peak = 1488.617 ; gain = 36.695
reset_run synth_1
launch_runs impl_1 -to_step write_bitstream -jobs 2
[Thu Nov  4 11:29:10 2021] Launched synth_1...
Run output will be captured here: C:/Users/013162916/Documents/labF_v2/labF.runs/synth_1/runme.log
[Thu Nov  4 11:29:10 2021] Launched impl_1...
Run output will be captured here: C:/Users/013162916/Documents/labF_v2/labF.runs/impl_1/runme.log
reset_run impl_1 -prev_step 
exit
INFO: [Common 17-206] Exiting Vivado at Thu Nov  4 11:31:48 2021...
