#-----------------------------------------------------------
# Vivado v2018.3 (64-bit)
# SW Build 2405991 on Thu Dec  6 23:38:27 MST 2018
# IP Build 2404404 on Fri Dec  7 01:43:56 MST 2018
# Start of session at: Thu Nov 18 22:02:10 2021
# Process ID: 3452
# Current directory: C:/Users/pskon/Downloads/labF_v2
# Command line: vivado.exe -gui_launcher_event rodinguilauncherevent12372 C:\Users\pskon\Downloads\labF_v2\labF.xpr
# Log file: C:/Users/pskon/Downloads/labF_v2/vivado.log
# Journal file: C:/Users/pskon/Downloads/labF_v2\vivado.jou
#-----------------------------------------------------------
start_gui
open_project C:/Users/pskon/Downloads/labF_v2/labF.xpr
INFO: [Project 1-313] Project file moved from 'C:/Users/013162916/Documents/labF_v2' since last save.
CRITICAL WARNING: [Project 1-311] Could not find the file 'C:/Users/pskon/Downloads/design_4.v', nor could it be found using path 'C:/Users/013162916/Downloads/design_4.v'.
CRITICAL WARNING: [Project 1-311] Could not find the file 'C:/Users/pskon/Downloads/tb_3.v', nor could it be found using path 'C:/Users/013162916/Downloads/tb_3.v'.
CRITICAL WARNING: [Project 1-311] Could not find the file 'C:/Users/pskon/Downloads/tb_4.v', nor could it be found using path 'C:/Users/013162916/Downloads/tb_4.v'.
Scanning sources...
Finished scanning sources
INFO: [IP_Flow 19-234] Refreshing IP repositories
INFO: [IP_Flow 19-1704] No user IP repositories specified
INFO: [IP_Flow 19-2313] Loaded Vivado IP repository 'C:/Xilinx/Vivado/2018.3/data/ip'.
update_compile_order -fileset sources_1
set_property is_enabled false [get_files  C:/Users/pskon/Downloads/labF_v2/labF.srcs/sim_1/new/ms_flipflop_tb.v]
launch_simulation
INFO: [Vivado 12-5682] Launching behavioral simulation in 'C:/Users/pskon/Downloads/labF_v2/labF.sim/sim_1/behav/xsim'
INFO: [SIM-utils-51] Simulation object is 'sim_1'
INFO: [SIM-utils-54] Inspecting design source files for 'multiple_storage_tb' in fileset 'sim_1'...
INFO: [USF-XSim-97] Finding global include files...
INFO: [USF-XSim-98] Fetching design files from 'sim_1'...
INFO: [USF-XSim-2] XSim::Compile design
INFO: [USF-XSim-61] Executing 'COMPILE and ANALYZE' step in 'C:/Users/pskon/Downloads/labF_v2/labF.sim/sim_1/behav/xsim'
"xvlog --incr --relax -prj multiple_storage_tb_vlog.prj"
INFO: [VRFC 10-2263] Analyzing Verilog file "C:/Users/pskon/Downloads/labF_v2/labF.srcs/sources_1/new/latch_d.v" into library xil_defaultlib
INFO: [VRFC 10-311] analyzing module latch_d
INFO: [VRFC 10-2263] Analyzing Verilog file "C:/Users/pskon/Downloads/labF_v2/labF.srcs/sources_1/new/multiple_storage.v" into library xil_defaultlib
INFO: [VRFC 10-311] analyzing module Positiveedge
INFO: [VRFC 10-311] analyzing module Negativeedge
INFO: [VRFC 10-311] analyzing module multiple_storage
INFO: [VRFC 10-2263] Analyzing Verilog file "C:/Users/pskon/Downloads/labF_v2/labF.srcs/sim_1/new/multiple_storage_tb.v" into library xil_defaultlib
INFO: [VRFC 10-311] analyzing module multiple_storage_tb
INFO: [VRFC 10-2263] Analyzing Verilog file "C:/Users/pskon/Downloads/labF_v2/labF.sim/sim_1/behav/xsim/glbl.v" into library xil_defaultlib
INFO: [VRFC 10-311] analyzing module glbl
INFO: [USF-XSim-69] 'compile' step finished in '2' seconds
INFO: [USF-XSim-3] XSim::Elaborate design
INFO: [USF-XSim-61] Executing 'ELABORATE' step in 'C:/Users/pskon/Downloads/labF_v2/labF.sim/sim_1/behav/xsim'
Vivado Simulator 2018.3
Copyright 1986-1999, 2001-2018 Xilinx, Inc. All Rights Reserved.
Running: C:/Xilinx/Vivado/2018.3/bin/unwrapped/win64.o/xelab.exe -wto 5bff64c370db4661bcce053b853bc0db --incr --debug typical --relax --mt 2 -L xil_defaultlib -L unisims_ver -L unimacro_ver -L secureip --snapshot multiple_storage_tb_behav xil_defaultlib.multiple_storage_tb xil_defaultlib.glbl -log elaborate.log 
Using 2 slave threads.
Starting static elaboration
Completed static elaboration
Starting simulation data flow analysis
Completed simulation data flow analysis
Time Resolution for simulation is 1ps
Compiling module xil_defaultlib.latch_d
Compiling module xil_defaultlib.Positiveedge
Compiling module xil_defaultlib.Negativeedge
Compiling module xil_defaultlib.multiple_storage
Compiling module xil_defaultlib.multiple_storage_tb
Compiling module xil_defaultlib.glbl
Built simulation snapshot multiple_storage_tb_behav

****** Webtalk v2018.3 (64-bit)
  **** SW Build 2405991 on Thu Dec  6 23:38:27 MST 2018
  **** IP Build 2404404 on Fri Dec  7 01:43:56 MST 2018
    ** Copyright 1986-2018 Xilinx, Inc. All Rights Reserved.

source C:/Users/pskon/Downloads/labF_v2/labF.sim/sim_1/behav/xsim/xsim.dir/multiple_storage_tb_behav/webtalk/xsim_webtalk.tcl -notrace
INFO: [Common 17-206] Exiting Webtalk at Thu Nov 18 22:03:34 2021...
INFO: [USF-XSim-69] 'elaborate' step finished in '4' seconds
INFO: [USF-XSim-4] XSim::Simulate design
INFO: [USF-XSim-61] Executing 'SIMULATE' step in 'C:/Users/pskon/Downloads/labF_v2/labF.sim/sim_1/behav/xsim'
INFO: [USF-XSim-98] *** Running xsim
   with args "multiple_storage_tb_behav -key {Behavioral:sim_1:Functional:multiple_storage_tb} -tclbatch {multiple_storage_tb.tcl} -log {simulate.log}"
INFO: [USF-XSim-8] Loading simulator feature
Vivado Simulator 2018.3
Time resolution is 1 ps
source multiple_storage_tb.tcl
# set curr_wave [current_wave_config]
# if { [string length $curr_wave] == 0 } {
#   if { [llength [get_objects]] > 0} {
#     add_wave /
#     set_property needs_save false [current_wave_config]
#   } else {
#      send_msg_id Add_Wave-1 WARNING "No top level signals found. Simulator will start without a wave window. If you want to open a wave window go to 'File->New Waveform Configuration' or type 'create_wave_config' in the TCL console."
#   }
# }
# run 1000ns
xsim: Time (s): cpu = 00:00:04 ; elapsed = 00:00:12 . Memory (MB): peak = 836.613 ; gain = 23.160
INFO: [USF-XSim-96] XSim completed. Design snapshot 'multiple_storage_tb_behav' loaded.
INFO: [USF-XSim-97] XSim simulation ran for 1000ns
launch_simulation: Time (s): cpu = 00:00:06 ; elapsed = 00:00:19 . Memory (MB): peak = 836.613 ; gain = 23.160
export_ip_user_files -of_objects  [get_files C:/Users/pskon/Downloads/design_4.v] -no_script -reset -force -quiet
remove_files  C:/Users/pskon/Downloads/design_4.v
remove_files  C:/Users/pskon/Downloads/design_4.v
WARNING: [Vivado 12-818] No files matched 'C:/Users/pskon/Downloads/design_4.v'
export_ip_user_files -of_objects  [get_files C:/Users/pskon/Downloads/tb_3.v] -no_script -reset -force -quiet
export_ip_user_files -of_objects  [get_files C:/Users/pskon/Downloads/tb_4.v] -no_script -reset -force -quiet
remove_files  -fileset sim_1 {C:/Users/pskon/Downloads/tb_3.v C:/Users/pskon/Downloads/tb_4.v}
synth_design -rtl -name rtl_1
Command: synth_design -rtl -name rtl_1
Starting synth_design
Using part: xc7a100tcsg324-1
Top: multiple_storage
---------------------------------------------------------------------------------
Starting RTL Elaboration : Time (s): cpu = 00:00:02 ; elapsed = 00:00:02 . Memory (MB): peak = 880.996 ; gain = 44.383
---------------------------------------------------------------------------------
INFO: [Synth 8-6157] synthesizing module 'multiple_storage' [C:/Users/pskon/Downloads/labF_v2/labF.srcs/sources_1/new/multiple_storage.v:41]
INFO: [Synth 8-6157] synthesizing module 'latch_d' [C:/Users/pskon/Downloads/labF_v2/labF.srcs/sources_1/new/latch_d.v:23]
INFO: [Synth 8-6155] done synthesizing module 'latch_d' (1#1) [C:/Users/pskon/Downloads/labF_v2/labF.srcs/sources_1/new/latch_d.v:23]
INFO: [Synth 8-6157] synthesizing module 'Positiveedge' [C:/Users/pskon/Downloads/labF_v2/labF.srcs/sources_1/new/multiple_storage.v:22]
INFO: [Synth 8-6155] done synthesizing module 'Positiveedge' (2#1) [C:/Users/pskon/Downloads/labF_v2/labF.srcs/sources_1/new/multiple_storage.v:22]
INFO: [Synth 8-6157] synthesizing module 'Negativeedge' [C:/Users/pskon/Downloads/labF_v2/labF.srcs/sources_1/new/multiple_storage.v:32]
INFO: [Synth 8-6155] done synthesizing module 'Negativeedge' (3#1) [C:/Users/pskon/Downloads/labF_v2/labF.srcs/sources_1/new/multiple_storage.v:32]
INFO: [Synth 8-6155] done synthesizing module 'multiple_storage' (4#1) [C:/Users/pskon/Downloads/labF_v2/labF.srcs/sources_1/new/multiple_storage.v:41]
---------------------------------------------------------------------------------
Finished RTL Elaboration : Time (s): cpu = 00:00:03 ; elapsed = 00:00:03 . Memory (MB): peak = 924.645 ; gain = 88.031
---------------------------------------------------------------------------------

Report Check Netlist: 
+------+------------------+-------+---------+-------+------------------+
|      |Item              |Errors |Warnings |Status |Description       |
+------+------------------+-------+---------+-------+------------------+
|1     |multi_driven_nets |      0|        0|Passed |Multi driven nets |
+------+------------------+-------+---------+-------+------------------+
---------------------------------------------------------------------------------
Start Handling Custom Attributes
---------------------------------------------------------------------------------
---------------------------------------------------------------------------------
Finished Handling Custom Attributes : Time (s): cpu = 00:00:03 ; elapsed = 00:00:03 . Memory (MB): peak = 924.645 ; gain = 88.031
---------------------------------------------------------------------------------
---------------------------------------------------------------------------------
Finished RTL Optimization Phase 1 : Time (s): cpu = 00:00:03 ; elapsed = 00:00:03 . Memory (MB): peak = 924.645 ; gain = 88.031
---------------------------------------------------------------------------------
INFO: [Device 21-403] Loading part xc7a100tcsg324-1
INFO: [Project 1-570] Preparing netlist for logic optimization

Processing XDC Constraints
Initializing timing engine
Parsing XDC File [C:/Users/pskon/Downloads/labF_v2/labF.srcs/constrs_1/new/multiple_storage_constraints.xdc]
Finished Parsing XDC File [C:/Users/pskon/Downloads/labF_v2/labF.srcs/constrs_1/new/multiple_storage_constraints.xdc]
INFO: [Project 1-236] Implementation specific constraints were found while reading constraint file [C:/Users/pskon/Downloads/labF_v2/labF.srcs/constrs_1/new/multiple_storage_constraints.xdc]. These constraints will be ignored for synthesis but will be used in implementation. Impacted constraints are listed in the file [.Xil/multiple_storage_propImpl.xdc].
Resolution: To avoid this warning, move constraints listed in [.Xil/multiple_storage_propImpl.xdc] to another XDC file and exclude this new file from synthesis with the used_in_synthesis property (File Properties dialog in GUI) and re-run elaboration/synthesis.
Netlist sorting complete. Time (s): cpu = 00:00:00 ; elapsed = 00:00:00 . Memory (MB): peak = 1232.148 ; gain = 0.000
WARNING: [Constraints 18-5210] No constraints selected for write.
Resolution: This message can indicate that there are no constraints for the design, or it can indicate that the used_in flags are set such that the constraints are ignored. This later case is used when running synth_design to not write synthesis constraints to the resulting checkpoint. Instead, project constraints are read when the synthesized design is opened.
Completed Processing XDC Constraints

INFO: [Opt 31-138] Pushed 0 inverter(s) to 0 load pin(s).
Netlist sorting complete. Time (s): cpu = 00:00:00 ; elapsed = 00:00:00 . Memory (MB): peak = 1232.148 ; gain = 0.000
INFO: [Project 1-111] Unisim Transformation Summary:
No Unisim elements were transformed.

RTL Elaboration Complete:  : Time (s): cpu = 00:00:16 ; elapsed = 00:00:11 . Memory (MB): peak = 1350.852 ; gain = 514.238
13 Infos, 1 Warnings, 0 Critical Warnings and 0 Errors encountered.
synth_design completed successfully
synth_design: Time (s): cpu = 00:00:16 ; elapsed = 00:00:11 . Memory (MB): peak = 1350.852 ; gain = 514.238
close_sim
INFO: [Simtcl 6-16] Simulation closed
exit
INFO: [Common 17-206] Exiting Vivado at Thu Nov 18 22:29:50 2021...
