#-----------------------------------------------------------
# Vivado v2018.3 (64-bit)
# SW Build 2405991 on Thu Dec  6 23:38:27 MST 2018
# IP Build 2404404 on Fri Dec  7 01:43:56 MST 2018
# Start of session at: Wed Dec  1 21:37:17 2021
# Process ID: 25548
# Current directory: C:/Users/pskon/Workbench_repo/Fall2021_EE118_labs_repo/labG_allparts
# Command line: vivado.exe -gui_launcher_event rodinguilauncherevent27452 C:\Users\pskon\Workbench_repo\Fall2021_EE118_labs_repo\labG_allparts\labG_allparts.xpr
# Log file: C:/Users/pskon/Workbench_repo/Fall2021_EE118_labs_repo/labG_allparts/vivado.log
# Journal file: C:/Users/pskon/Workbench_repo/Fall2021_EE118_labs_repo/labG_allparts\vivado.jou
#-----------------------------------------------------------
start_gui
open_project C:/Users/pskon/Workbench_repo/Fall2021_EE118_labs_repo/labG_allparts/labG_allparts.xpr
CRITICAL WARNING: [Project 1-19] Could not find the file 'C:/Users/pskon/Workbench_repo/Fall2021_EE118_labs_repo/labG_allparts/labG_allparts.srcs/sources_1/imports/Downloads/de_pt3.v'.
CRITICAL WARNING: [Project 1-19] Could not find the file 'C:/Users/pskon/Workbench_repo/Fall2021_EE118_labs_repo/labG_allparts/labG_allparts.srcs/sources_1/imports/2/de_pt2.v'.
CRITICAL WARNING: [Project 1-19] Could not find the file 'C:/Users/pskon/Workbench_repo/Fall2021_EE118_labs_repo/labG_allparts/labG_allparts.srcs/sources_1/new/part1.v'.
CRITICAL WARNING: [Project 1-19] Could not find the file 'C:/Users/pskon/Workbench_repo/Fall2021_EE118_labs_repo/labG_allparts/labG_allparts.srcs/sources_1/imports/2/de.v'.
CRITICAL WARNING: [Project 1-19] Could not find the file 'C:/Users/pskon/Workbench_repo/Fall2021_EE118_labs_repo/labG_allparts/labG_allparts.srcs/constrs_1/new/part3_constraints_Artix7.xdc'.
CRITICAL WARNING: [Project 1-19] Could not find the file 'C:/Users/pskon/Workbench_repo/Fall2021_EE118_labs_repo/labG_allparts/labG_allparts.srcs/constrs_1/new/part2_constraints_Artix7.xdc'.
CRITICAL WARNING: [Project 1-19] Could not find the file 'C:/Users/pskon/Workbench_repo/Fall2021_EE118_labs_repo/labG_allparts/labG_allparts.srcs/constrs_1/new/part1_constraints_Artix7.xdc'.
Scanning sources...
Finished scanning sources
WARNING: [Project 1-509] GeneratedRun file for 'synth_1' not found
WARNING: [Project 1-509] GeneratedRun file for 'impl_1' not found
WARNING: [filemgmt 56-3] IPUserFilesDir: Could not find the directory 'C:/Users/pskon/Workbench_repo/Fall2021_EE118_labs_repo/labG_allparts/labG_allparts.ip_user_files'.
INFO: [IP_Flow 19-234] Refreshing IP repositories
INFO: [IP_Flow 19-1704] No user IP repositories specified
INFO: [IP_Flow 19-2313] Loaded Vivado IP repository 'C:/Xilinx/Vivado/2018.3/data/ip'.
update_compile_order -fileset sources_1
exit
INFO: [Common 17-206] Exiting Vivado at Wed Dec  1 21:37:56 2021...
