#-----------------------------------------------------------
# Vivado v2018.3 (64-bit)
# SW Build 2405991 on Thu Dec  6 23:38:27 MST 2018
# IP Build 2404404 on Fri Dec  7 01:43:56 MST 2018
# Start of session at: Wed Dec  1 21:38:04 2021
# Process ID: 13564
# Current directory: C:/Users/pskon/Workbench_repo/Fall2021_EE118_labs_repo/labG_allparts
# Command line: vivado.exe -gui_launcher_event rodinguilauncherevent26444 C:\Users\pskon\Workbench_repo\Fall2021_EE118_labs_repo\labG_allparts\labG_part3.xpr
# Log file: C:/Users/pskon/Workbench_repo/Fall2021_EE118_labs_repo/labG_allparts/vivado.log
# Journal file: C:/Users/pskon/Workbench_repo/Fall2021_EE118_labs_repo/labG_allparts\vivado.jou
#-----------------------------------------------------------
start_gui
open_project C:/Users/pskon/Workbench_repo/Fall2021_EE118_labs_repo/labG_allparts/labG_part3.xpr
CRITICAL WARNING: [Project 1-19] Could not find the file 'C:/Users/pskon/Workbench_repo/Fall2021_EE118_labs_repo/labG_allparts/labG_part3.srcs/sources_1/imports/2/de.v'.
Scanning sources...
Finished scanning sources
INFO: [IP_Flow 19-234] Refreshing IP repositories
INFO: [IP_Flow 19-1704] No user IP repositories specified
INFO: [IP_Flow 19-2313] Loaded Vivado IP repository 'C:/Xilinx/Vivado/2018.3/data/ip'.
update_compile_order -fileset sources_1
export_ip_user_files -of_objects  [get_files C:/Users/pskon/Workbench_repo/Fall2021_EE118_labs_repo/labG_allparts/labG_part3.srcs/sources_1/imports/2/de.v] -no_script -reset -force -quiet
remove_files  C:/Users/pskon/Workbench_repo/Fall2021_EE118_labs_repo/labG_allparts/labG_part3.srcs/sources_1/imports/2/de.v
launch_runs impl_1 -jobs 8
[Wed Dec  1 21:40:52 2021] Launched synth_1...
Run output will be captured here: C:/Users/pskon/Workbench_repo/Fall2021_EE118_labs_repo/labG_allparts/labG_part3.runs/synth_1/runme.log
[Wed Dec  1 21:40:52 2021] Launched impl_1...
Run output will be captured here: C:/Users/pskon/Workbench_repo/Fall2021_EE118_labs_repo/labG_allparts/labG_part3.runs/impl_1/runme.log
