#-----------------------------------------------------------
# Vivado v2018.3 (64-bit)
# SW Build 2405991 on Thu Dec  6 23:38:27 MST 2018
# IP Build 2404404 on Fri Dec  7 01:43:56 MST 2018
# Start of session at: Sun Oct 17 17:44:54 2021
# Process ID: 12608
# Current directory: C:/Users/Pranav Konduru/Local Repo Workspace/EE118_Projects/labE
# Command line: vivado.exe -gui_launcher_event rodinguilauncherevent11092 C:\Users\Pranav Konduru\Local Repo Workspace\EE118_Projects\labE\labE.xpr
# Log file: C:/Users/Pranav Konduru/Local Repo Workspace/EE118_Projects/labE/vivado.log
# Journal file: C:/Users/Pranav Konduru/Local Repo Workspace/EE118_Projects/labE\vivado.jou
#-----------------------------------------------------------
start_gui
open_project {C:/Users/Pranav Konduru/Local Repo Workspace/EE118_Projects/labE/labE.xpr}
INFO: [Project 1-313] Project file moved from 'C:/Users/013162916/labE' since last save.
Scanning sources...
Finished scanning sources
INFO: [IP_Flow 19-234] Refreshing IP repositories
INFO: [IP_Flow 19-1704] No user IP repositories specified
INFO: [IP_Flow 19-2313] Loaded Vivado IP repository 'C:/Xilinx/Vivado/2018.3/data/ip'.
open_project: Time (s): cpu = 00:00:14 ; elapsed = 00:00:07 . Memory (MB): peak = 941.133 ; gain = 109.770
update_compile_order -fileset sources_1
exit
INFO: [Common 17-206] Exiting Vivado at Sun Oct 17 22:00:52 2021...
